This file contains any messages produced by compilers while
running configure, to aid debugging if configure makes a mistake.

It was created by zfs configure 0.7.0, which was
generated by GNU Autoconf 2.63.  Invocation command line was

  $ configure --with-config=user

## --------- ##
## Platform. ##
## --------- ##

hostname = atmaweapon
uname -m = x86_64
uname -r = 4.9.22
uname -s = Linux
uname -v = #8 SMP Mon Apr 17 21:51:54 EDT 2017

/usr/bin/uname -p = unknown
/bin/uname -X     = unknown

/bin/arch              = x86_64
/usr/bin/arch -k       = unknown
/usr/convex/getsysinfo = unknown
/usr/bin/hostinfo      = unknown
/bin/machine           = unknown
/usr/bin/oslevel       = unknown
/bin/universe          = unknown

PATH: /usr/lib64/qt-3.3/bin
PATH: /usr/local/bin
PATH: /usr/bin
PATH: /bin
PATH: /usr/local/sbin
PATH: /usr/sbin
PATH: /sbin
PATH: /home/sean/bin


## ----------- ##
## Core tests. ##
## ----------- ##

configure:2203: checking for gawk
configure:2219: found /usr/bin/gawk
configure:2230: result: gawk
configure:2241: checking metadata
configure:2373: result: git describe
configure:2415: checking build system type
configure:2433: result: x86_64-unknown-linux-gnu
configure:2455: checking host system type
configure:2470: result: x86_64-unknown-linux-gnu
configure:2492: checking target system type
configure:2507: result: x86_64-unknown-linux-gnu
configure:2536: checking whether to enable maintainer-specific portions of Makefiles
configure:2545: result: no
configure:2586: checking for a BSD-compatible install
configure:2654: result: /usr/bin/install -c
configure:2665: checking whether build environment is sane
configure:2725: result: yes
configure:2866: checking for a thread-safe mkdir -p
configure:2905: result: /bin/mkdir -p
configure:2914: checking whether make sets $(MAKE)
configure:2936: result: yes
configure:3035: checking for a BSD-compatible install
configure:3103: result: /usr/bin/install -c
configure:3162: checking for gcc
configure:3178: found /usr/bin/gcc
configure:3189: result: gcc
configure:3421: checking for C compiler version
configure:3429: gcc --version >&5
gcc (GCC) 4.4.7 20120313 (Red Hat 4.4.7-17)
Copyright (C) 2010 Free Software Foundation, Inc.
This is free software; see the source for copying conditions.  There is NO
warranty; not even for MERCHANTABILITY or FITNESS FOR A PARTICULAR PURPOSE.

configure:3433: $? = 0
configure:3440: gcc -v >&5
Using built-in specs.
Target: x86_64-redhat-linux
Configured with: ../configure --prefix=/usr --mandir=/usr/share/man --infodir=/usr/share/info --with-bugurl=http://bugzilla.redhat.com/bugzilla --enable-bootstrap --enable-shared --enable-threads=posix --enable-checking=release --with-system-zlib --enable-__cxa_atexit --disable-libunwind-exceptions --enable-gnu-unique-object --enable-languages=c,c++,objc,obj-c++,java,fortran,ada --enable-java-awt=gtk --disable-dssi --with-java-home=/usr/lib/jvm/java-1.5.0-gcj-1.5.0.0/jre --enable-libgcj-multifile --enable-java-maintainer-mode --with-ecj-jar=/usr/share/java/eclipse-ecj.jar --disable-libjava-multilib --with-ppl --with-cloog --with-tune=generic --with-arch_32=i686 --build=x86_64-redhat-linux
Thread model: posix
gcc version 4.4.7 20120313 (Red Hat 4.4.7-17) (GCC) 
configure:3444: $? = 0
configure:3451: gcc -V >&5
gcc: '-V' option must have argument
configure:3455: $? = 1
configure:3478: checking for C compiler default output file name
configure:3500: gcc    conftest.c  >&5
configure:3504: $? = 0
configure:3542: result: a.out
configure:3561: checking whether the C compiler works
configure:3571: ./a.out
configure:3575: $? = 0
configure:3594: result: yes
configure:3601: checking whether we are cross compiling
configure:3603: result: no
configure:3606: checking for suffix of executables
configure:3613: gcc -o conftest    conftest.c  >&5
configure:3617: $? = 0
configure:3643: result: 
configure:3649: checking for suffix of object files
configure:3675: gcc -c   conftest.c >&5
configure:3679: $? = 0
configure:3704: result: o
configure:3708: checking whether we are using the GNU C compiler
configure:3737: gcc -c   conftest.c >&5
configure:3744: $? = 0
configure:3761: result: yes
configure:3770: checking whether gcc accepts -g
configure:3800: gcc -c -g  conftest.c >&5
configure:3807: $? = 0
configure:3908: result: yes
configure:3925: checking for gcc option to accept ISO C89
configure:3999: gcc  -c -g -O2  conftest.c >&5
configure:4006: $? = 0
configure:4029: result: none needed
configure:4058: checking for style of include used by make
configure:4086: result: GNU
configure:4111: checking dependency style of gcc
configure:4221: result: gcc3
configure:4261: checking for a sed that does not truncate output
configure:4327: result: /bin/sed
configure:4345: checking for grep that handles long lines and -e
configure:4405: result: /bin/grep
configure:4410: checking for egrep
configure:4474: result: /bin/grep -E
configure:4479: checking for fgrep
configure:4543: result: /bin/grep -F
configure:4578: checking for ld used by gcc
configure:4645: result: /usr/bin/ld
configure:4654: checking if the linker (/usr/bin/ld) is GNU ld
configure:4669: result: yes
configure:4681: checking for BSD- or MS-compatible name lister (nm)
configure:4730: result: /usr/bin/nm -B
configure:4848: checking the name lister (/usr/bin/nm -B) interface
configure:4855: gcc -c -g -O2  conftest.c >&5
configure:4858: /usr/bin/nm -B "conftest.o"
configure:4861: output
0000000000000000 B some_variable
configure:4868: result: BSD nm
configure:4871: checking whether ln -s works
configure:4875: result: yes
configure:4883: checking the maximum length of command line arguments
configure:5003: result: 1572864
configure:5020: checking whether the shell understands some XSI constructs
configure:5030: result: yes
configure:5034: checking whether the shell understands "+="
configure:5040: result: yes
configure:5075: checking for /usr/bin/ld option to reload object files
configure:5082: result: -r
configure:5151: checking for objdump
configure:5167: found /usr/bin/objdump
configure:5178: result: objdump
configure:5210: checking how to recognize dependent libraries
configure:5406: result: pass_all
configure:5466: checking for ar
configure:5482: found /usr/bin/ar
configure:5493: result: ar
configure:5571: checking for strip
configure:5587: found /usr/bin/strip
configure:5598: result: strip
configure:5670: checking for ranlib
configure:5686: found /usr/bin/ranlib
configure:5697: result: ranlib
configure:5787: checking command to parse /usr/bin/nm -B output from gcc object
configure:5905: gcc -c -g -O2  conftest.c >&5
configure:5908: $? = 0
configure:5912: /usr/bin/nm -B conftest.o \| sed -n -e 's/^.*[	 ]\([ABCDGIRSTW][ABCDGIRSTW]*\)[	 ][	 ]*\([_A-Za-z][_A-Za-z0-9]*\)$/\1 \2 \2/p' \> conftest.nm
configure:5915: $? = 0
configure:5969: gcc -o conftest -g -O2   conftest.c conftstm.o >&5
configure:5972: $? = 0
configure:6010: result: ok
configure:6106: gcc -c -g -O2  conftest.c >&5
configure:6109: $? = 0
configure:6877: checking how to run the C preprocessor
configure:6917: gcc -E  conftest.c
configure:6924: $? = 0
configure:6955: gcc -E  conftest.c
conftest.c:16:28: error: ac_nonexistent.h: No such file or directory
configure:6962: $? = 1
configure: failed program was:
| /* confdefs.h.  */
| #define PACKAGE_NAME "zfs"
| #define PACKAGE_TARNAME "zfs"
| #define PACKAGE_VERSION "0.7.0"
| #define PACKAGE_STRING "zfs 0.7.0"
| #define PACKAGE_BUGREPORT ""
| #define ZFS_META_NAME "zfs"
| #define ZFS_META_VERSION "0.7.0"
| #define ZFS_META_RELEASE "rc3_217_g0091d66"
| #define ZFS_META_LICENSE "CDDL"
| #define ZFS_META_ALIAS "zfs-0.7.0-rc3_217_g0091d66"
| #define ZFS_META_AUTHOR "OpenZFS on Linux"
| #define PACKAGE "zfs"
| #define VERSION "0.7.0"
| /* end confdefs.h.  */
| #include <ac_nonexistent.h>
configure:6995: result: gcc -E
configure:7024: gcc -E  conftest.c
configure:7031: $? = 0
configure:7062: gcc -E  conftest.c
conftest.c:16:28: error: ac_nonexistent.h: No such file or directory
configure:7069: $? = 1
configure: failed program was:
| /* confdefs.h.  */
| #define PACKAGE_NAME "zfs"
| #define PACKAGE_TARNAME "zfs"
| #define PACKAGE_VERSION "0.7.0"
| #define PACKAGE_STRING "zfs 0.7.0"
| #define PACKAGE_BUGREPORT ""
| #define ZFS_META_NAME "zfs"
| #define ZFS_META_VERSION "0.7.0"
| #define ZFS_META_RELEASE "rc3_217_g0091d66"
| #define ZFS_META_LICENSE "CDDL"
| #define ZFS_META_ALIAS "zfs-0.7.0-rc3_217_g0091d66"
| #define ZFS_META_AUTHOR "OpenZFS on Linux"
| #define PACKAGE "zfs"
| #define VERSION "0.7.0"
| /* end confdefs.h.  */
| #include <ac_nonexistent.h>
configure:7109: checking for ANSI C header files
configure:7139: gcc -c -g -O2  conftest.c >&5
configure:7146: $? = 0
configure:7245: gcc -o conftest -g -O2   conftest.c  >&5
configure:7249: $? = 0
configure:7255: ./conftest
configure:7259: $? = 0
configure:7277: result: yes
configure:7301: checking for sys/types.h
configure:7322: gcc -c -g -O2  conftest.c >&5
configure:7329: $? = 0
configure:7346: result: yes
configure:7301: checking for sys/stat.h
configure:7322: gcc -c -g -O2  conftest.c >&5
configure:7329: $? = 0
configure:7346: result: yes
configure:7301: checking for stdlib.h
configure:7322: gcc -c -g -O2  conftest.c >&5
configure:7329: $? = 0
configure:7346: result: yes
configure:7301: checking for string.h
configure:7322: gcc -c -g -O2  conftest.c >&5
configure:7329: $? = 0
configure:7346: result: yes
configure:7301: checking for memory.h
configure:7322: gcc -c -g -O2  conftest.c >&5
configure:7329: $? = 0
configure:7346: result: yes
configure:7301: checking for strings.h
configure:7322: gcc -c -g -O2  conftest.c >&5
configure:7329: $? = 0
configure:7346: result: yes
configure:7301: checking for inttypes.h
configure:7322: gcc -c -g -O2  conftest.c >&5
configure:7329: $? = 0
configure:7346: result: yes
configure:7301: checking for stdint.h
configure:7322: gcc -c -g -O2  conftest.c >&5
configure:7329: $? = 0
configure:7346: result: yes
configure:7301: checking for unistd.h
configure:7322: gcc -c -g -O2  conftest.c >&5
configure:7329: $? = 0
configure:7346: result: yes
configure:7364: checking for dlfcn.h
configure:7385: gcc -c -g -O2  conftest.c >&5
configure:7392: $? = 0
configure:7409: result: yes
configure:7595: checking for objdir
configure:7610: result: .libs
configure:7906: checking if gcc supports -fno-rtti -fno-exceptions
configure:7924: gcc -c -g -O2  -fno-rtti -fno-exceptions conftest.c >&5
cc1: warning: command line option "-fno-rtti" is valid for C++/ObjC++ but not for C
configure:7928: $? = 0
configure:7941: result: no
configure:7961: checking for gcc option to produce PIC
configure:8233: result: -fPIC -DPIC
configure:8245: checking if gcc PIC flag -fPIC -DPIC works
configure:8263: gcc -c -g -O2  -fPIC -DPIC -DPIC conftest.c >&5
configure:8267: $? = 0
configure:8280: result: yes
configure:8304: checking if gcc static flag -static works
configure:8332: result: yes
configure:8347: checking if gcc supports -c -o file.o
configure:8368: gcc -c -g -O2  -o out/conftest2.o conftest.c >&5
configure:8372: $? = 0
configure:8394: result: yes
configure:8402: checking if gcc supports -c -o file.o
configure:8449: result: yes
configure:8482: checking whether the gcc linker (/usr/bin/ld -m elf_x86_64) supports shared libraries
configure:9556: result: yes
configure:9593: checking whether -lc should be explicitly linked in
configure:9598: gcc -c -g -O2  conftest.c >&5
configure:9601: $? = 0
configure:9616: gcc -shared conftest.o  -v -Wl,-soname -Wl,conftest -o conftest 2\>\&1 \| /bin/grep  -lc  \>/dev/null 2\>\&1
configure:9619: $? = 0
configure:9631: result: no
configure:9795: checking dynamic linker characteristics
configure:10238: gcc -o conftest -g -O2   -Wl,-rpath -Wl,/foo conftest.c  >&5
configure:10245: $? = 0
configure:10481: result: GNU/Linux ld.so
configure:10583: checking how to hardcode library paths into programs
configure:10608: result: immediate
configure:11441: checking whether stripping libraries is possible
configure:11446: result: yes
configure:11481: checking if libtool supports shared libraries
configure:11483: result: yes
configure:11486: checking whether to build shared libraries
configure:11507: result: yes
configure:11510: checking whether to build static libraries
configure:11514: result: yes
configure:11558: checking dependency style of gcc
configure:11666: result: gcc3
configure:11682: checking whether gcc and cc understand -c and -o together
configure:11717: gcc -c conftest.c -o conftest2.o >&5
configure:11721: $? = 0
configure:11727: gcc -c conftest.c -o conftest2.o >&5
configure:11731: $? = 0
configure:11742: cc -c conftest.c >&5
configure:11746: $? = 0
configure:11754: cc -c conftest.c -o conftest2.o >&5
configure:11758: $? = 0
configure:11764: cc -c conftest.c -o conftest2.o >&5
configure:11768: $? = 0
configure:11786: result: yes
configure:11815: checking zfs author
configure:11817: result: OpenZFS on Linux
configure:11820: checking zfs license
configure:11822: result: CDDL
configure:11827: checking linux distribution
configure:11854: result: redhat
configure:11858: checking default package type
configure:11874: result: rpm
configure:11879: checking default init directory
configure:11881: result: ${prefix}/etc/init.d
configure:11885: checking default init script type
configure:11901: result: redhat
configure:11905: checking default init config direectory
configure:11918: result: /etc/sysconfig
configure:11922: checking whether initramfs-tools is available
configure:11930: result: no
configure:11939: checking whether rpm is available
configure:11945: result: yes (4.8.0)
configure:11957: checking whether rpmbuild is available
configure:11963: result: yes (4.8.0)
configure:11993: checking whether spec files are available
configure:11995: result: yes (rpm/generic/*.spec.in)
configure:12020: checking whether dpkg is available
configure:12032: result: no
configure:12038: checking whether dpkg-buildpackage is available
configure:12051: result: no
configure:12068: checking whether alien is available
configure:12080: result: no
configure:12107: checking zfs config
configure:12109: result: user
configure:12115: checking for -Wno-unused-but-set-variable support
configure:12142: gcc -c -g -O2 -Wunused-but-set-variable  conftest.c >&5
configure:12149: $? = 0
configure:12156: result: yes
configure:12176: checking for -Wno-bool-compare support
configure:12203: gcc -c -g -O2 -Wbool-compare  conftest.c >&5
cc1: error: unrecognized command line option "-Wbool-compare"
configure:12210: $? = 1
configure: failed program was:
| /* confdefs.h.  */
| #define PACKAGE_NAME "zfs"
| #define PACKAGE_TARNAME "zfs"
| #define PACKAGE_VERSION "0.7.0"
| #define PACKAGE_STRING "zfs 0.7.0"
| #define PACKAGE_BUGREPORT ""
| #define ZFS_META_NAME "zfs"
| #define ZFS_META_VERSION "0.7.0"
| #define ZFS_META_RELEASE "rc3_217_g0091d66"
| #define ZFS_META_LICENSE "CDDL"
| #define ZFS_META_ALIAS "zfs-0.7.0-rc3_217_g0091d66"
| #define ZFS_META_AUTHOR "OpenZFS on Linux"
| #define PACKAGE "zfs"
| #define VERSION "0.7.0"
| #define STDC_HEADERS 1
| #define HAVE_SYS_TYPES_H 1
| #define HAVE_SYS_STAT_H 1
| #define HAVE_STDLIB_H 1
| #define HAVE_STRING_H 1
| #define HAVE_MEMORY_H 1
| #define HAVE_STRINGS_H 1
| #define HAVE_INTTYPES_H 1
| #define HAVE_STDINT_H 1
| #define HAVE_UNISTD_H 1
| #define HAVE_DLFCN_H 1
| #define LT_OBJDIR ".libs/"
| /* end confdefs.h.  */
| 
| int
| main ()
| {
| 
|   ;
|   return 0;
| }
configure:12226: result: no
configure:12240: checking whether host toolchain supports SSE
configure:12262: gcc -o conftest -g -O2   conftest.c  >&5
configure:12269: $? = 0
configure:12283: result: yes
configure:12301: checking whether host toolchain supports SSE2
configure:12323: gcc -o conftest -g -O2   conftest.c  >&5
configure:12330: $? = 0
configure:12344: result: yes
configure:12362: checking whether host toolchain supports SSE3
configure:12385: gcc -o conftest -g -O2   conftest.c  >&5
configure:12392: $? = 0
configure:12406: result: yes
configure:12424: checking whether host toolchain supports SSSE3
configure:12446: gcc -o conftest -g -O2   conftest.c  >&5
configure:12453: $? = 0
configure:12467: result: yes
configure:12485: checking whether host toolchain supports SSE4.1
configure:12507: gcc -o conftest -g -O2   conftest.c  >&5
configure:12514: $? = 0
configure:12528: result: yes
configure:12546: checking whether host toolchain supports SSE4.2
configure:12568: gcc -o conftest -g -O2   conftest.c  >&5
configure:12575: $? = 0
configure:12589: result: yes
configure:12607: checking whether host toolchain supports AVX
configure:12630: gcc -o conftest -g -O2   conftest.c  >&5
configure:12637: $? = 0
configure:12646: result: yes
configure:12669: checking whether host toolchain supports AVX2
configure:12692: gcc -o conftest -g -O2   conftest.c  >&5
conftest.c: Assembler messages:
conftest.c:39: Error: suffix or operands invalid for `vpshufb'
configure:12699: $? = 1
configure: failed program was:
| /* confdefs.h.  */
| #define PACKAGE_NAME "zfs"
| #define PACKAGE_TARNAME "zfs"
| #define PACKAGE_VERSION "0.7.0"
| #define PACKAGE_STRING "zfs 0.7.0"
| #define PACKAGE_BUGREPORT ""
| #define ZFS_META_NAME "zfs"
| #define ZFS_META_VERSION "0.7.0"
| #define ZFS_META_RELEASE "rc3_217_g0091d66"
| #define ZFS_META_LICENSE "CDDL"
| #define ZFS_META_ALIAS "zfs-0.7.0-rc3_217_g0091d66"
| #define ZFS_META_AUTHOR "OpenZFS on Linux"
| #define PACKAGE "zfs"
| #define VERSION "0.7.0"
| #define STDC_HEADERS 1
| #define HAVE_SYS_TYPES_H 1
| #define HAVE_SYS_STAT_H 1
| #define HAVE_STDLIB_H 1
| #define HAVE_STRING_H 1
| #define HAVE_MEMORY_H 1
| #define HAVE_STRINGS_H 1
| #define HAVE_INTTYPES_H 1
| #define HAVE_STDINT_H 1
| #define HAVE_UNISTD_H 1
| #define HAVE_DLFCN_H 1
| #define LT_OBJDIR ".libs/"
| #define HAVE_SSE 1
| #define HAVE_SSE2 1
| #define HAVE_SSE3 1
| #define HAVE_SSSE3 1
| #define HAVE_SSE4_1 1
| #define HAVE_SSE4_2 1
| #define HAVE_AVX 1
| /* end confdefs.h.  */
| 
| 
| 		void main()
| 		{
| 			__asm__ __volatile__("vpshufb %ymm0,%ymm1,%ymm2");
| 		}
| 
configure:12721: result: no
configure:12731: checking whether host toolchain supports AVX512F
configure:12754: gcc -o conftest -g -O2   conftest.c  >&5
conftest.c: Assembler messages:
conftest.c:39: Error: no such instruction: `vpandd %zmm0,%zmm1,%zmm2'
configure:12761: $? = 1
configure: failed program was:
| /* confdefs.h.  */
| #define PACKAGE_NAME "zfs"
| #define PACKAGE_TARNAME "zfs"
| #define PACKAGE_VERSION "0.7.0"
| #define PACKAGE_STRING "zfs 0.7.0"
| #define PACKAGE_BUGREPORT ""
| #define ZFS_META_NAME "zfs"
| #define ZFS_META_VERSION "0.7.0"
| #define ZFS_META_RELEASE "rc3_217_g0091d66"
| #define ZFS_META_LICENSE "CDDL"
| #define ZFS_META_ALIAS "zfs-0.7.0-rc3_217_g0091d66"
| #define ZFS_META_AUTHOR "OpenZFS on Linux"
| #define PACKAGE "zfs"
| #define VERSION "0.7.0"
| #define STDC_HEADERS 1
| #define HAVE_SYS_TYPES_H 1
| #define HAVE_SYS_STAT_H 1
| #define HAVE_STDLIB_H 1
| #define HAVE_STRING_H 1
| #define HAVE_MEMORY_H 1
| #define HAVE_STRINGS_H 1
| #define HAVE_INTTYPES_H 1
| #define HAVE_STDINT_H 1
| #define HAVE_UNISTD_H 1
| #define HAVE_DLFCN_H 1
| #define LT_OBJDIR ".libs/"
| #define HAVE_SSE 1
| #define HAVE_SSE2 1
| #define HAVE_SSE3 1
| #define HAVE_SSSE3 1
| #define HAVE_SSE4_1 1
| #define HAVE_SSE4_2 1
| #define HAVE_AVX 1
| /* end confdefs.h.  */
| 
| 
| 		void main()
| 		{
| 			__asm__ __volatile__("vpandd %zmm0,%zmm1,%zmm2");
| 		}
| 
configure:12783: result: no
configure:12793: checking whether host toolchain supports AVX512CD
configure:12816: gcc -o conftest -g -O2   conftest.c  >&5
conftest.c: Assembler messages:
conftest.c:39: Error: no such instruction: `vplzcntd %zmm0,%zmm1'
configure:12823: $? = 1
configure: failed program was:
| /* confdefs.h.  */
| #define PACKAGE_NAME "zfs"
| #define PACKAGE_TARNAME "zfs"
| #define PACKAGE_VERSION "0.7.0"
| #define PACKAGE_STRING "zfs 0.7.0"
| #define PACKAGE_BUGREPORT ""
| #define ZFS_META_NAME "zfs"
| #define ZFS_META_VERSION "0.7.0"
| #define ZFS_META_RELEASE "rc3_217_g0091d66"
| #define ZFS_META_LICENSE "CDDL"
| #define ZFS_META_ALIAS "zfs-0.7.0-rc3_217_g0091d66"
| #define ZFS_META_AUTHOR "OpenZFS on Linux"
| #define PACKAGE "zfs"
| #define VERSION "0.7.0"
| #define STDC_HEADERS 1
| #define HAVE_SYS_TYPES_H 1
| #define HAVE_SYS_STAT_H 1
| #define HAVE_STDLIB_H 1
| #define HAVE_STRING_H 1
| #define HAVE_MEMORY_H 1
| #define HAVE_STRINGS_H 1
| #define HAVE_INTTYPES_H 1
| #define HAVE_STDINT_H 1
| #define HAVE_UNISTD_H 1
| #define HAVE_DLFCN_H 1
| #define LT_OBJDIR ".libs/"
| #define HAVE_SSE 1
| #define HAVE_SSE2 1
| #define HAVE_SSE3 1
| #define HAVE_SSSE3 1
| #define HAVE_SSE4_1 1
| #define HAVE_SSE4_2 1
| #define HAVE_AVX 1
| /* end confdefs.h.  */
| 
| 
| 		void main()
| 		{
| 			__asm__ __volatile__("vplzcntd %zmm0,%zmm1");
| 		}
| 
configure:12845: result: no
configure:12855: checking whether host toolchain supports AVX512DQ
configure:12878: gcc -o conftest -g -O2   conftest.c  >&5
conftest.c: Assembler messages:
conftest.c:39: Error: bad register name `%zmm0'
configure:12885: $? = 1
configure: failed program was:
| /* confdefs.h.  */
| #define PACKAGE_NAME "zfs"
| #define PACKAGE_TARNAME "zfs"
| #define PACKAGE_VERSION "0.7.0"
| #define PACKAGE_STRING "zfs 0.7.0"
| #define PACKAGE_BUGREPORT ""
| #define ZFS_META_NAME "zfs"
| #define ZFS_META_VERSION "0.7.0"
| #define ZFS_META_RELEASE "rc3_217_g0091d66"
| #define ZFS_META_LICENSE "CDDL"
| #define ZFS_META_ALIAS "zfs-0.7.0-rc3_217_g0091d66"
| #define ZFS_META_AUTHOR "OpenZFS on Linux"
| #define PACKAGE "zfs"
| #define VERSION "0.7.0"
| #define STDC_HEADERS 1
| #define HAVE_SYS_TYPES_H 1
| #define HAVE_SYS_STAT_H 1
| #define HAVE_STDLIB_H 1
| #define HAVE_STRING_H 1
| #define HAVE_MEMORY_H 1
| #define HAVE_STRINGS_H 1
| #define HAVE_INTTYPES_H 1
| #define HAVE_STDINT_H 1
| #define HAVE_UNISTD_H 1
| #define HAVE_DLFCN_H 1
| #define LT_OBJDIR ".libs/"
| #define HAVE_SSE 1
| #define HAVE_SSE2 1
| #define HAVE_SSE3 1
| #define HAVE_SSSE3 1
| #define HAVE_SSE4_1 1
| #define HAVE_SSE4_2 1
| #define HAVE_AVX 1
| /* end confdefs.h.  */
| 
| 
| 		void main()
| 		{
| 			__asm__ __volatile__("vandpd %zmm0,%zmm1,%zmm2");
| 		}
| 
configure:12907: result: no
configure:12917: checking whether host toolchain supports AVX512BW
configure:12940: gcc -o conftest -g -O2   conftest.c  >&5
conftest.c: Assembler messages:
conftest.c:39: Error: bad register name `%zmm0'
configure:12947: $? = 1
configure: failed program was:
| /* confdefs.h.  */
| #define PACKAGE_NAME "zfs"
| #define PACKAGE_TARNAME "zfs"
| #define PACKAGE_VERSION "0.7.0"
| #define PACKAGE_STRING "zfs 0.7.0"
| #define PACKAGE_BUGREPORT ""
| #define ZFS_META_NAME "zfs"
| #define ZFS_META_VERSION "0.7.0"
| #define ZFS_META_RELEASE "rc3_217_g0091d66"
| #define ZFS_META_LICENSE "CDDL"
| #define ZFS_META_ALIAS "zfs-0.7.0-rc3_217_g0091d66"
| #define ZFS_META_AUTHOR "OpenZFS on Linux"
| #define PACKAGE "zfs"
| #define VERSION "0.7.0"
| #define STDC_HEADERS 1
| #define HAVE_SYS_TYPES_H 1
| #define HAVE_SYS_STAT_H 1
| #define HAVE_STDLIB_H 1
| #define HAVE_STRING_H 1
| #define HAVE_MEMORY_H 1
| #define HAVE_STRINGS_H 1
| #define HAVE_INTTYPES_H 1
| #define HAVE_STDINT_H 1
| #define HAVE_UNISTD_H 1
| #define HAVE_DLFCN_H 1
| #define LT_OBJDIR ".libs/"
| #define HAVE_SSE 1
| #define HAVE_SSE2 1
| #define HAVE_SSE3 1
| #define HAVE_SSSE3 1
| #define HAVE_SSE4_1 1
| #define HAVE_SSE4_2 1
| #define HAVE_AVX 1
| /* end confdefs.h.  */
| 
| 
| 		void main()
| 		{
| 			__asm__ __volatile__("vpshufb %zmm0,%zmm1,%zmm2");
| 		}
| 
configure:12969: result: no
configure:12979: checking whether host toolchain supports AVX512IFMA
configure:13002: gcc -o conftest -g -O2   conftest.c  >&5
conftest.c: Assembler messages:
conftest.c:39: Error: no such instruction: `vpmadd52luq %zmm0,%zmm1,%zmm2'
configure:13009: $? = 1
configure: failed program was:
| /* confdefs.h.  */
| #define PACKAGE_NAME "zfs"
| #define PACKAGE_TARNAME "zfs"
| #define PACKAGE_VERSION "0.7.0"
| #define PACKAGE_STRING "zfs 0.7.0"
| #define PACKAGE_BUGREPORT ""
| #define ZFS_META_NAME "zfs"
| #define ZFS_META_VERSION "0.7.0"
| #define ZFS_META_RELEASE "rc3_217_g0091d66"
| #define ZFS_META_LICENSE "CDDL"
| #define ZFS_META_ALIAS "zfs-0.7.0-rc3_217_g0091d66"
| #define ZFS_META_AUTHOR "OpenZFS on Linux"
| #define PACKAGE "zfs"
| #define VERSION "0.7.0"
| #define STDC_HEADERS 1
| #define HAVE_SYS_TYPES_H 1
| #define HAVE_SYS_STAT_H 1
| #define HAVE_STDLIB_H 1
| #define HAVE_STRING_H 1
| #define HAVE_MEMORY_H 1
| #define HAVE_STRINGS_H 1
| #define HAVE_INTTYPES_H 1
| #define HAVE_STDINT_H 1
| #define HAVE_UNISTD_H 1
| #define HAVE_DLFCN_H 1
| #define LT_OBJDIR ".libs/"
| #define HAVE_SSE 1
| #define HAVE_SSE2 1
| #define HAVE_SSE3 1
| #define HAVE_SSSE3 1
| #define HAVE_SSE4_1 1
| #define HAVE_SSE4_2 1
| #define HAVE_AVX 1
| /* end confdefs.h.  */
| 
| 
| 		void main()
| 		{
| 			__asm__ __volatile__("vpmadd52luq %zmm0,%zmm1,%zmm2");
| 		}
| 
configure:13031: result: no
configure:13041: checking whether host toolchain supports AVX512VBMI
configure:13064: gcc -o conftest -g -O2   conftest.c  >&5
conftest.c: Assembler messages:
conftest.c:39: Error: no such instruction: `vpermb %zmm0,%zmm1,%zmm2'
configure:13071: $? = 1
configure: failed program was:
| /* confdefs.h.  */
| #define PACKAGE_NAME "zfs"
| #define PACKAGE_TARNAME "zfs"
| #define PACKAGE_VERSION "0.7.0"
| #define PACKAGE_STRING "zfs 0.7.0"
| #define PACKAGE_BUGREPORT ""
| #define ZFS_META_NAME "zfs"
| #define ZFS_META_VERSION "0.7.0"
| #define ZFS_META_RELEASE "rc3_217_g0091d66"
| #define ZFS_META_LICENSE "CDDL"
| #define ZFS_META_ALIAS "zfs-0.7.0-rc3_217_g0091d66"
| #define ZFS_META_AUTHOR "OpenZFS on Linux"
| #define PACKAGE "zfs"
| #define VERSION "0.7.0"
| #define STDC_HEADERS 1
| #define HAVE_SYS_TYPES_H 1
| #define HAVE_SYS_STAT_H 1
| #define HAVE_STDLIB_H 1
| #define HAVE_STRING_H 1
| #define HAVE_MEMORY_H 1
| #define HAVE_STRINGS_H 1
| #define HAVE_INTTYPES_H 1
| #define HAVE_STDINT_H 1
| #define HAVE_UNISTD_H 1
| #define HAVE_DLFCN_H 1
| #define LT_OBJDIR ".libs/"
| #define HAVE_SSE 1
| #define HAVE_SSE2 1
| #define HAVE_SSE3 1
| #define HAVE_SSSE3 1
| #define HAVE_SSE4_1 1
| #define HAVE_SSE4_2 1
| #define HAVE_AVX 1
| /* end confdefs.h.  */
| 
| 
| 		void main()
| 		{
| 			__asm__ __volatile__("vpermb %zmm0,%zmm1,%zmm2");
| 		}
| 
configure:13093: result: no
configure:13103: checking whether host toolchain supports AVX512PF
configure:13126: gcc -o conftest -g -O2   conftest.c  >&5
conftest.c: Assembler messages:
conftest.c:39: Error: no such instruction: `vgatherpf0dps (%rsi,%zmm0,4){%k1}'
configure:13133: $? = 1
configure: failed program was:
| /* confdefs.h.  */
| #define PACKAGE_NAME "zfs"
| #define PACKAGE_TARNAME "zfs"
| #define PACKAGE_VERSION "0.7.0"
| #define PACKAGE_STRING "zfs 0.7.0"
| #define PACKAGE_BUGREPORT ""
| #define ZFS_META_NAME "zfs"
| #define ZFS_META_VERSION "0.7.0"
| #define ZFS_META_RELEASE "rc3_217_g0091d66"
| #define ZFS_META_LICENSE "CDDL"
| #define ZFS_META_ALIAS "zfs-0.7.0-rc3_217_g0091d66"
| #define ZFS_META_AUTHOR "OpenZFS on Linux"
| #define PACKAGE "zfs"
| #define VERSION "0.7.0"
| #define STDC_HEADERS 1
| #define HAVE_SYS_TYPES_H 1
| #define HAVE_SYS_STAT_H 1
| #define HAVE_STDLIB_H 1
| #define HAVE_STRING_H 1
| #define HAVE_MEMORY_H 1
| #define HAVE_STRINGS_H 1
| #define HAVE_INTTYPES_H 1
| #define HAVE_STDINT_H 1
| #define HAVE_UNISTD_H 1
| #define HAVE_DLFCN_H 1
| #define LT_OBJDIR ".libs/"
| #define HAVE_SSE 1
| #define HAVE_SSE2 1
| #define HAVE_SSE3 1
| #define HAVE_SSSE3 1
| #define HAVE_SSE4_1 1
| #define HAVE_SSE4_2 1
| #define HAVE_AVX 1
| /* end confdefs.h.  */
| 
| 
| 		void main()
| 		{
| 			__asm__ __volatile__("vgatherpf0dps (%rsi,%zmm0,4){%k1}");
| 		}
| 
configure:13155: result: no
configure:13165: checking whether host toolchain supports AVX512ER
configure:13188: gcc -o conftest -g -O2   conftest.c  >&5
conftest.c: Assembler messages:
conftest.c:39: Error: no such instruction: `vexp2pd %zmm0,%zmm1'
configure:13195: $? = 1
configure: failed program was:
| /* confdefs.h.  */
| #define PACKAGE_NAME "zfs"
| #define PACKAGE_TARNAME "zfs"
| #define PACKAGE_VERSION "0.7.0"
| #define PACKAGE_STRING "zfs 0.7.0"
| #define PACKAGE_BUGREPORT ""
| #define ZFS_META_NAME "zfs"
| #define ZFS_META_VERSION "0.7.0"
| #define ZFS_META_RELEASE "rc3_217_g0091d66"
| #define ZFS_META_LICENSE "CDDL"
| #define ZFS_META_ALIAS "zfs-0.7.0-rc3_217_g0091d66"
| #define ZFS_META_AUTHOR "OpenZFS on Linux"
| #define PACKAGE "zfs"
| #define VERSION "0.7.0"
| #define STDC_HEADERS 1
| #define HAVE_SYS_TYPES_H 1
| #define HAVE_SYS_STAT_H 1
| #define HAVE_STDLIB_H 1
| #define HAVE_STRING_H 1
| #define HAVE_MEMORY_H 1
| #define HAVE_STRINGS_H 1
| #define HAVE_INTTYPES_H 1
| #define HAVE_STDINT_H 1
| #define HAVE_UNISTD_H 1
| #define HAVE_DLFCN_H 1
| #define LT_OBJDIR ".libs/"
| #define HAVE_SSE 1
| #define HAVE_SSE2 1
| #define HAVE_SSE3 1
| #define HAVE_SSSE3 1
| #define HAVE_SSE4_1 1
| #define HAVE_SSE4_2 1
| #define HAVE_AVX 1
| /* end confdefs.h.  */
| 
| 
| 		void main()
| 		{
| 			__asm__ __volatile__("vexp2pd %zmm0,%zmm1");
| 		}
| 
configure:13217: result: no
configure:13227: checking whether host toolchain supports AVX512VL
configure:13250: gcc -o conftest -g -O2   conftest.c  >&5
conftest.c: Assembler messages:
conftest.c:39: Error: no such instruction: `vpabsq %zmm0,%zmm1'
configure:13257: $? = 1
configure: failed program was:
| /* confdefs.h.  */
| #define PACKAGE_NAME "zfs"
| #define PACKAGE_TARNAME "zfs"
| #define PACKAGE_VERSION "0.7.0"
| #define PACKAGE_STRING "zfs 0.7.0"
| #define PACKAGE_BUGREPORT ""
| #define ZFS_META_NAME "zfs"
| #define ZFS_META_VERSION "0.7.0"
| #define ZFS_META_RELEASE "rc3_217_g0091d66"
| #define ZFS_META_LICENSE "CDDL"
| #define ZFS_META_ALIAS "zfs-0.7.0-rc3_217_g0091d66"
| #define ZFS_META_AUTHOR "OpenZFS on Linux"
| #define PACKAGE "zfs"
| #define VERSION "0.7.0"
| #define STDC_HEADERS 1
| #define HAVE_SYS_TYPES_H 1
| #define HAVE_SYS_STAT_H 1
| #define HAVE_STDLIB_H 1
| #define HAVE_STRING_H 1
| #define HAVE_MEMORY_H 1
| #define HAVE_STRINGS_H 1
| #define HAVE_INTTYPES_H 1
| #define HAVE_STDINT_H 1
| #define HAVE_UNISTD_H 1
| #define HAVE_DLFCN_H 1
| #define LT_OBJDIR ".libs/"
| #define HAVE_SSE 1
| #define HAVE_SSE2 1
| #define HAVE_SSE3 1
| #define HAVE_SSSE3 1
| #define HAVE_SSE4_1 1
| #define HAVE_SSE4_2 1
| #define HAVE_AVX 1
| /* end confdefs.h.  */
| 
| 
| 		void main()
| 		{
| 			__asm__ __volatile__("vpabsq %zmm0,%zmm1");
| 		}
| 
configure:13279: result: no
configure:13292: checking for target asm dir
configure:13330: result: asm-x86_64
configure:26294: checking for udev directories
configure:26339: result: /lib/udev;/lib/udev/rules.d
configure:26411: checking for dracut directory
configure:26446: result: /usr/share/dracut
configure:26462: checking zlib.h usability
configure:26479: gcc -c -g -O2  conftest.c >&5
configure:26486: $? = 0
configure:26500: result: yes
configure:26504: checking zlib.h presence
configure:26519: gcc -E  conftest.c
configure:26526: $? = 0
configure:26540: result: yes
configure:26568: checking for zlib.h
configure:26575: result: yes
configure:26595: checking for library containing compress2
configure:26636: gcc -o conftest -g -O2   conftest.c  >&5
/tmp/ccC4Ys2J.o: In function `main':
/home/sean/Git/zfsonlinux/zfs/conftest.c:46: undefined reference to `compress2'
collect2: ld returned 1 exit status
configure:26643: $? = 1
configure: failed program was:
| /* confdefs.h.  */
| #define PACKAGE_NAME "zfs"
| #define PACKAGE_TARNAME "zfs"
| #define PACKAGE_VERSION "0.7.0"
| #define PACKAGE_STRING "zfs 0.7.0"
| #define PACKAGE_BUGREPORT ""
| #define ZFS_META_NAME "zfs"
| #define ZFS_META_VERSION "0.7.0"
| #define ZFS_META_RELEASE "rc3_217_g0091d66"
| #define ZFS_META_LICENSE "CDDL"
| #define ZFS_META_ALIAS "zfs-0.7.0-rc3_217_g0091d66"
| #define ZFS_META_AUTHOR "OpenZFS on Linux"
| #define PACKAGE "zfs"
| #define VERSION "0.7.0"
| #define STDC_HEADERS 1
| #define HAVE_SYS_TYPES_H 1
| #define HAVE_SYS_STAT_H 1
| #define HAVE_STDLIB_H 1
| #define HAVE_STRING_H 1
| #define HAVE_MEMORY_H 1
| #define HAVE_STRINGS_H 1
| #define HAVE_INTTYPES_H 1
| #define HAVE_STDINT_H 1
| #define HAVE_UNISTD_H 1
| #define HAVE_DLFCN_H 1
| #define LT_OBJDIR ".libs/"
| #define HAVE_SSE 1
| #define HAVE_SSE2 1
| #define HAVE_SSE3 1
| #define HAVE_SSSE3 1
| #define HAVE_SSE4_1 1
| #define HAVE_SSE4_2 1
| #define HAVE_AVX 1
| /* end confdefs.h.  */
| 
| /* Override any GCC internal prototype to avoid an error.
|    Use char because int might match the return type of a GCC
|    builtin and then its argument prototype would still apply.  */
| #ifdef __cplusplus
| extern "C"
| #endif
| char compress2 ();
| int
| main ()
| {
| return compress2 ();
|   ;
|   return 0;
| }
configure:26636: gcc -o conftest -g -O2   conftest.c -lz   >&5
configure:26643: $? = 0
configure:26674: result: -lz
configure:26693: checking for library containing uncompress
configure:26734: gcc -o conftest -g -O2   conftest.c -lz  >&5
configure:26741: $? = 0
configure:26772: result: none required
configure:26791: checking for library containing crc32
configure:26832: gcc -o conftest -g -O2   conftest.c -lz  >&5
configure:26839: $? = 0
configure:26870: result: none required
configure:26910: checking uuid/uuid.h usability
configure:26927: gcc -c -g -O2  conftest.c >&5
configure:26934: $? = 0
configure:26948: result: yes
configure:26952: checking uuid/uuid.h presence
configure:26967: gcc -E  conftest.c
configure:26974: $? = 0
configure:26988: result: yes
configure:27016: checking for uuid/uuid.h
configure:27023: result: yes
configure:27043: checking for library containing uuid_generate
configure:27084: gcc -o conftest -g -O2   conftest.c -lz  >&5
/tmp/cceKcZ6W.o: In function `main':
/home/sean/Git/zfsonlinux/zfs/conftest.c:47: undefined reference to `uuid_generate'
collect2: ld returned 1 exit status
configure:27091: $? = 1
configure: failed program was:
| /* confdefs.h.  */
| #define PACKAGE_NAME "zfs"
| #define PACKAGE_TARNAME "zfs"
| #define PACKAGE_VERSION "0.7.0"
| #define PACKAGE_STRING "zfs 0.7.0"
| #define PACKAGE_BUGREPORT ""
| #define ZFS_META_NAME "zfs"
| #define ZFS_META_VERSION "0.7.0"
| #define ZFS_META_RELEASE "rc3_217_g0091d66"
| #define ZFS_META_LICENSE "CDDL"
| #define ZFS_META_ALIAS "zfs-0.7.0-rc3_217_g0091d66"
| #define ZFS_META_AUTHOR "OpenZFS on Linux"
| #define PACKAGE "zfs"
| #define VERSION "0.7.0"
| #define STDC_HEADERS 1
| #define HAVE_SYS_TYPES_H 1
| #define HAVE_SYS_STAT_H 1
| #define HAVE_STDLIB_H 1
| #define HAVE_STRING_H 1
| #define HAVE_MEMORY_H 1
| #define HAVE_STRINGS_H 1
| #define HAVE_INTTYPES_H 1
| #define HAVE_STDINT_H 1
| #define HAVE_UNISTD_H 1
| #define HAVE_DLFCN_H 1
| #define LT_OBJDIR ".libs/"
| #define HAVE_SSE 1
| #define HAVE_SSE2 1
| #define HAVE_SSE3 1
| #define HAVE_SSSE3 1
| #define HAVE_SSE4_1 1
| #define HAVE_SSE4_2 1
| #define HAVE_AVX 1
| #define HAVE_ZLIB 1
| /* end confdefs.h.  */
| 
| /* Override any GCC internal prototype to avoid an error.
|    Use char because int might match the return type of a GCC
|    builtin and then its argument prototype would still apply.  */
| #ifdef __cplusplus
| extern "C"
| #endif
| char uuid_generate ();
| int
| main ()
| {
| return uuid_generate ();
|   ;
|   return 0;
| }
configure:27084: gcc -o conftest -g -O2   conftest.c -luuid  -lz  >&5
configure:27091: $? = 0
configure:27122: result: -luuid
configure:27141: checking for library containing uuid_is_null
configure:27182: gcc -o conftest -g -O2   conftest.c -luuid -lz  >&5
configure:27189: $? = 0
configure:27220: result: none required
configure:27261: checking for xdrmem_create in -ltirpc
configure:27296: gcc -o conftest -g -O2   conftest.c -ltirpc  -luuid -lz  >&5
/usr/bin/ld: cannot find -ltirpc
collect2: ld returned 1 exit status
configure:27303: $? = 1
configure: failed program was:
| /* confdefs.h.  */
| #define PACKAGE_NAME "zfs"
| #define PACKAGE_TARNAME "zfs"
| #define PACKAGE_VERSION "0.7.0"
| #define PACKAGE_STRING "zfs 0.7.0"
| #define PACKAGE_BUGREPORT ""
| #define ZFS_META_NAME "zfs"
| #define ZFS_META_VERSION "0.7.0"
| #define ZFS_META_RELEASE "rc3_217_g0091d66"
| #define ZFS_META_LICENSE "CDDL"
| #define ZFS_META_ALIAS "zfs-0.7.0-rc3_217_g0091d66"
| #define ZFS_META_AUTHOR "OpenZFS on Linux"
| #define PACKAGE "zfs"
| #define VERSION "0.7.0"
| #define STDC_HEADERS 1
| #define HAVE_SYS_TYPES_H 1
| #define HAVE_SYS_STAT_H 1
| #define HAVE_STDLIB_H 1
| #define HAVE_STRING_H 1
| #define HAVE_MEMORY_H 1
| #define HAVE_STRINGS_H 1
| #define HAVE_INTTYPES_H 1
| #define HAVE_STDINT_H 1
| #define HAVE_UNISTD_H 1
| #define HAVE_DLFCN_H 1
| #define LT_OBJDIR ".libs/"
| #define HAVE_SSE 1
| #define HAVE_SSE2 1
| #define HAVE_SSE3 1
| #define HAVE_SSSE3 1
| #define HAVE_SSE4_1 1
| #define HAVE_SSE4_2 1
| #define HAVE_AVX 1
| #define HAVE_ZLIB 1
| #define HAVE_LIBUUID 1
| /* end confdefs.h.  */
| 
| /* Override any GCC internal prototype to avoid an error.
|    Use char because int might match the return type of a GCC
|    builtin and then its argument prototype would still apply.  */
| #ifdef __cplusplus
| extern "C"
| #endif
| char xdrmem_create ();
| int
| main ()
| {
| return xdrmem_create ();
|   ;
|   return 0;
| }
configure:27324: result: no
configure:27347: checking for library containing xdrmem_create
configure:27388: gcc -o conftest -g -O2   conftest.c -luuid -lz  >&5
configure:27395: $? = 0
configure:27426: result: none required
configure:27560: checking blkid/blkid.h usability
configure:27577: gcc -c -g -O2  conftest.c >&5
configure:27584: $? = 0
configure:27598: result: yes
configure:27602: checking blkid/blkid.h presence
configure:27617: gcc -E  conftest.c
configure:27624: $? = 0
configure:27638: result: yes
configure:27666: checking for blkid/blkid.h
configure:27673: result: yes
configure:27714: checking attr/xattr.h usability
configure:27731: gcc -c -g -O2  conftest.c >&5
configure:27738: $? = 0
configure:27752: result: yes
configure:27756: checking attr/xattr.h presence
configure:27771: gcc -E  conftest.c
configure:27778: $? = 0
configure:27792: result: yes
configure:27820: checking for attr/xattr.h
configure:27827: result: yes
configure:27868: checking libudev.h usability
configure:27885: gcc -c -g -O2  conftest.c >&5
conftest.c:72:21: error: libudev.h: No such file or directory
configure:27892: $? = 1
configure: failed program was:
| /* confdefs.h.  */
| #define PACKAGE_NAME "zfs"
| #define PACKAGE_TARNAME "zfs"
| #define PACKAGE_VERSION "0.7.0"
| #define PACKAGE_STRING "zfs 0.7.0"
| #define PACKAGE_BUGREPORT ""
| #define ZFS_META_NAME "zfs"
| #define ZFS_META_VERSION "0.7.0"
| #define ZFS_META_RELEASE "rc3_217_g0091d66"
| #define ZFS_META_LICENSE "CDDL"
| #define ZFS_META_ALIAS "zfs-0.7.0-rc3_217_g0091d66"
| #define ZFS_META_AUTHOR "OpenZFS on Linux"
| #define PACKAGE "zfs"
| #define VERSION "0.7.0"
| #define STDC_HEADERS 1
| #define HAVE_SYS_TYPES_H 1
| #define HAVE_SYS_STAT_H 1
| #define HAVE_STDLIB_H 1
| #define HAVE_STRING_H 1
| #define HAVE_MEMORY_H 1
| #define HAVE_STRINGS_H 1
| #define HAVE_INTTYPES_H 1
| #define HAVE_STDINT_H 1
| #define HAVE_UNISTD_H 1
| #define HAVE_DLFCN_H 1
| #define LT_OBJDIR ".libs/"
| #define HAVE_SSE 1
| #define HAVE_SSE2 1
| #define HAVE_SSE3 1
| #define HAVE_SSSE3 1
| #define HAVE_SSE4_1 1
| #define HAVE_SSE4_2 1
| #define HAVE_AVX 1
| #define HAVE_ZLIB 1
| #define HAVE_LIBUUID 1
| #define HAVE_LIBBLKID 1
| #define HAVE_LIBATTR 1
| /* end confdefs.h.  */
| #include <stdio.h>
| #ifdef HAVE_SYS_TYPES_H
| # include <sys/types.h>
| #endif
| #ifdef HAVE_SYS_STAT_H
| # include <sys/stat.h>
| #endif
| #ifdef STDC_HEADERS
| # include <stdlib.h>
| # include <stddef.h>
| #else
| # ifdef HAVE_STDLIB_H
| #  include <stdlib.h>
| # endif
| #endif
| #ifdef HAVE_STRING_H
| # if !defined STDC_HEADERS && defined HAVE_MEMORY_H
| #  include <memory.h>
| # endif
| # include <string.h>
| #endif
| #ifdef HAVE_STRINGS_H
| # include <strings.h>
| #endif
| #ifdef HAVE_INTTYPES_H
| # include <inttypes.h>
| #endif
| #ifdef HAVE_STDINT_H
| # include <stdint.h>
| #endif
| #ifdef HAVE_UNISTD_H
| # include <unistd.h>
| #endif
| #include <libudev.h>
configure:27906: result: no
configure:27910: checking libudev.h presence
configure:27925: gcc -E  conftest.c
conftest.c:39:21: error: libudev.h: No such file or directory
configure:27932: $? = 1
configure: failed program was:
| /* confdefs.h.  */
| #define PACKAGE_NAME "zfs"
| #define PACKAGE_TARNAME "zfs"
| #define PACKAGE_VERSION "0.7.0"
| #define PACKAGE_STRING "zfs 0.7.0"
| #define PACKAGE_BUGREPORT ""
| #define ZFS_META_NAME "zfs"
| #define ZFS_META_VERSION "0.7.0"
| #define ZFS_META_RELEASE "rc3_217_g0091d66"
| #define ZFS_META_LICENSE "CDDL"
| #define ZFS_META_ALIAS "zfs-0.7.0-rc3_217_g0091d66"
| #define ZFS_META_AUTHOR "OpenZFS on Linux"
| #define PACKAGE "zfs"
| #define VERSION "0.7.0"
| #define STDC_HEADERS 1
| #define HAVE_SYS_TYPES_H 1
| #define HAVE_SYS_STAT_H 1
| #define HAVE_STDLIB_H 1
| #define HAVE_STRING_H 1
| #define HAVE_MEMORY_H 1
| #define HAVE_STRINGS_H 1
| #define HAVE_INTTYPES_H 1
| #define HAVE_STDINT_H 1
| #define HAVE_UNISTD_H 1
| #define HAVE_DLFCN_H 1
| #define LT_OBJDIR ".libs/"
| #define HAVE_SSE 1
| #define HAVE_SSE2 1
| #define HAVE_SSE3 1
| #define HAVE_SSSE3 1
| #define HAVE_SSE4_1 1
| #define HAVE_SSE4_2 1
| #define HAVE_AVX 1
| #define HAVE_ZLIB 1
| #define HAVE_LIBUUID 1
| #define HAVE_LIBBLKID 1
| #define HAVE_LIBATTR 1
| /* end confdefs.h.  */
| #include <libudev.h>
configure:27946: result: no
configure:27974: checking for libudev.h
configure:27981: result: no
configure:28004: checking for library containing udev_device_get_is_initialized
configure:28045: gcc -o conftest -g -O2   conftest.c -luuid -lz  >&5
/tmp/ccoaLRmj.o: In function `main':
/home/sean/Git/zfsonlinux/zfs/conftest.c:50: undefined reference to `udev_device_get_is_initialized'
collect2: ld returned 1 exit status
configure:28052: $? = 1
configure: failed program was:
| /* confdefs.h.  */
| #define PACKAGE_NAME "zfs"
| #define PACKAGE_TARNAME "zfs"
| #define PACKAGE_VERSION "0.7.0"
| #define PACKAGE_STRING "zfs 0.7.0"
| #define PACKAGE_BUGREPORT ""
| #define ZFS_META_NAME "zfs"
| #define ZFS_META_VERSION "0.7.0"
| #define ZFS_META_RELEASE "rc3_217_g0091d66"
| #define ZFS_META_LICENSE "CDDL"
| #define ZFS_META_ALIAS "zfs-0.7.0-rc3_217_g0091d66"
| #define ZFS_META_AUTHOR "OpenZFS on Linux"
| #define PACKAGE "zfs"
| #define VERSION "0.7.0"
| #define STDC_HEADERS 1
| #define HAVE_SYS_TYPES_H 1
| #define HAVE_SYS_STAT_H 1
| #define HAVE_STDLIB_H 1
| #define HAVE_STRING_H 1
| #define HAVE_MEMORY_H 1
| #define HAVE_STRINGS_H 1
| #define HAVE_INTTYPES_H 1
| #define HAVE_STDINT_H 1
| #define HAVE_UNISTD_H 1
| #define HAVE_DLFCN_H 1
| #define LT_OBJDIR ".libs/"
| #define HAVE_SSE 1
| #define HAVE_SSE2 1
| #define HAVE_SSE3 1
| #define HAVE_SSSE3 1
| #define HAVE_SSE4_1 1
| #define HAVE_SSE4_2 1
| #define HAVE_AVX 1
| #define HAVE_ZLIB 1
| #define HAVE_LIBUUID 1
| #define HAVE_LIBBLKID 1
| #define HAVE_LIBATTR 1
| /* end confdefs.h.  */
| 
| /* Override any GCC internal prototype to avoid an error.
|    Use char because int might match the return type of a GCC
|    builtin and then its argument prototype would still apply.  */
| #ifdef __cplusplus
| extern "C"
| #endif
| char udev_device_get_is_initialized ();
| int
| main ()
| {
| return udev_device_get_is_initialized ();
|   ;
|   return 0;
| }
configure:28045: gcc -o conftest -g -O2   conftest.c -ludev  -luuid -lz  >&5
/usr/bin/ld: cannot find -ludev
collect2: ld returned 1 exit status
configure:28052: $? = 1
configure: failed program was:
| /* confdefs.h.  */
| #define PACKAGE_NAME "zfs"
| #define PACKAGE_TARNAME "zfs"
| #define PACKAGE_VERSION "0.7.0"
| #define PACKAGE_STRING "zfs 0.7.0"
| #define PACKAGE_BUGREPORT ""
| #define ZFS_META_NAME "zfs"
| #define ZFS_META_VERSION "0.7.0"
| #define ZFS_META_RELEASE "rc3_217_g0091d66"
| #define ZFS_META_LICENSE "CDDL"
| #define ZFS_META_ALIAS "zfs-0.7.0-rc3_217_g0091d66"
| #define ZFS_META_AUTHOR "OpenZFS on Linux"
| #define PACKAGE "zfs"
| #define VERSION "0.7.0"
| #define STDC_HEADERS 1
| #define HAVE_SYS_TYPES_H 1
| #define HAVE_SYS_STAT_H 1
| #define HAVE_STDLIB_H 1
| #define HAVE_STRING_H 1
| #define HAVE_MEMORY_H 1
| #define HAVE_STRINGS_H 1
| #define HAVE_INTTYPES_H 1
| #define HAVE_STDINT_H 1
| #define HAVE_UNISTD_H 1
| #define HAVE_DLFCN_H 1
| #define LT_OBJDIR ".libs/"
| #define HAVE_SSE 1
| #define HAVE_SSE2 1
| #define HAVE_SSE3 1
| #define HAVE_SSSE3 1
| #define HAVE_SSE4_1 1
| #define HAVE_SSE4_2 1
| #define HAVE_AVX 1
| #define HAVE_ZLIB 1
| #define HAVE_LIBUUID 1
| #define HAVE_LIBBLKID 1
| #define HAVE_LIBATTR 1
| /* end confdefs.h.  */
| 
| /* Override any GCC internal prototype to avoid an error.
|    Use char because int might match the return type of a GCC
|    builtin and then its argument prototype would still apply.  */
| #ifdef __cplusplus
| extern "C"
| #endif
| char udev_device_get_is_initialized ();
| int
| main ()
| {
| return udev_device_get_is_initialized ();
|   ;
|   return 0;
| }
configure:28083: result: no
configure:28099: checking for -Wframe-larger-than=<size> support
configure:28126: gcc -c -g -O2 -Wframe-larger-than=1024  conftest.c >&5
configure:28133: $? = 0
configure:28140: result: yes
configure:28166: checking makedev() is declared in sys/sysmacros.h
configure:28194: gcc -c -g -O2  conftest.c >&5
configure:28201: $? = 0
configure:28207: result: yes
configure:28228: checking makedev() is declared in sys/mkdev.h
configure:28256: gcc -c -g -O2  conftest.c >&5
conftest.c:41:25: error: sys/mkdev.h: No such file or directory
configure:28263: $? = 1
configure: failed program was:
| /* confdefs.h.  */
| #define PACKAGE_NAME "zfs"
| #define PACKAGE_TARNAME "zfs"
| #define PACKAGE_VERSION "0.7.0"
| #define PACKAGE_STRING "zfs 0.7.0"
| #define PACKAGE_BUGREPORT ""
| #define ZFS_META_NAME "zfs"
| #define ZFS_META_VERSION "0.7.0"
| #define ZFS_META_RELEASE "rc3_217_g0091d66"
| #define ZFS_META_LICENSE "CDDL"
| #define ZFS_META_ALIAS "zfs-0.7.0-rc3_217_g0091d66"
| #define ZFS_META_AUTHOR "OpenZFS on Linux"
| #define PACKAGE "zfs"
| #define VERSION "0.7.0"
| #define STDC_HEADERS 1
| #define HAVE_SYS_TYPES_H 1
| #define HAVE_SYS_STAT_H 1
| #define HAVE_STDLIB_H 1
| #define HAVE_STRING_H 1
| #define HAVE_MEMORY_H 1
| #define HAVE_STRINGS_H 1
| #define HAVE_INTTYPES_H 1
| #define HAVE_STDINT_H 1
| #define HAVE_UNISTD_H 1
| #define HAVE_DLFCN_H 1
| #define LT_OBJDIR ".libs/"
| #define HAVE_SSE 1
| #define HAVE_SSE2 1
| #define HAVE_SSE3 1
| #define HAVE_SSSE3 1
| #define HAVE_SSE4_1 1
| #define HAVE_SSE4_2 1
| #define HAVE_AVX 1
| #define HAVE_ZLIB 1
| #define HAVE_LIBUUID 1
| #define HAVE_LIBBLKID 1
| #define HAVE_LIBATTR 1
| #define HAVE_MAKEDEV_IN_SYSMACROS 1
| /* end confdefs.h.  */
| 
| 		#include <sys/mkdev.h>
| 
| int
| main ()
| {
| 
| 		int k;
| 		k = makedev(0,0);
| 
|   ;
|   return 0;
| }
configure:28282: result: no
configure:28301: checking for mlockall
configure:28357: gcc -o conftest -g -O2   conftest.c -luuid -lz  >&5
configure:28364: $? = 0
configure:28386: result: yes
configure:43509: checking whether debugging is enabled
configure:43546: result: no
configure:43741: creating ./config.status

## ---------------------- ##
## Running config.status. ##
## ---------------------- ##

This file was extended by zfs config.status 0.7.0, which was
generated by GNU Autoconf 2.63.  Invocation command line was

  CONFIG_FILES    = 
  CONFIG_HEADERS  = 
  CONFIG_LINKS    = 
  CONFIG_COMMANDS = 
  $ ./config.status 

on atmaweapon

config.status:1358: creating Makefile
config.status:1358: creating udev/Makefile
config.status:1358: creating udev/rules.d/Makefile
config.status:1358: creating etc/Makefile
config.status:1358: creating etc/init.d/Makefile
config.status:1358: creating etc/zfs/Makefile
config.status:1358: creating etc/systemd/Makefile
config.status:1358: creating etc/systemd/system/Makefile
config.status:1358: creating etc/modules-load.d/Makefile
config.status:1358: creating man/Makefile
config.status:1358: creating man/man1/Makefile
config.status:1358: creating man/man5/Makefile
config.status:1358: creating man/man8/Makefile
config.status:1358: creating lib/Makefile
config.status:1358: creating lib/libspl/Makefile
config.status:1358: creating lib/libspl/asm-generic/Makefile
config.status:1358: creating lib/libspl/asm-i386/Makefile
config.status:1358: creating lib/libspl/asm-x86_64/Makefile
config.status:1358: creating lib/libspl/include/Makefile
config.status:1358: creating lib/libspl/include/ia32/Makefile
config.status:1358: creating lib/libspl/include/ia32/sys/Makefile
config.status:1358: creating lib/libspl/include/rpc/Makefile
config.status:1358: creating lib/libspl/include/sys/Makefile
config.status:1358: creating lib/libspl/include/sys/dktp/Makefile
config.status:1358: creating lib/libspl/include/util/Makefile
config.status:1358: creating lib/libavl/Makefile
config.status:1358: creating lib/libefi/Makefile
config.status:1358: creating lib/libicp/Makefile
config.status:1358: creating lib/libnvpair/Makefile
config.status:1358: creating lib/libunicode/Makefile
config.status:1358: creating lib/libuutil/Makefile
config.status:1358: creating lib/libzpool/Makefile
config.status:1358: creating lib/libzfs/libzfs.pc
config.status:1358: creating lib/libzfs/libzfs_core.pc
config.status:1358: creating lib/libzfs/Makefile
config.status:1358: creating lib/libzfs_core/Makefile
config.status:1358: creating lib/libshare/Makefile
config.status:1358: creating cmd/Makefile
config.status:1358: creating cmd/zdb/Makefile
config.status:1358: creating cmd/zhack/Makefile
config.status:1358: creating cmd/zfs/Makefile
config.status:1358: creating cmd/zinject/Makefile
config.status:1358: creating cmd/zpool/Makefile
config.status:1358: creating cmd/zstreamdump/Makefile
config.status:1358: creating cmd/ztest/Makefile
config.status:1358: creating cmd/zpios/Makefile
config.status:1358: creating cmd/mount_zfs/Makefile
config.status:1358: creating cmd/fsck_zfs/Makefile
config.status:1358: creating cmd/zvol_id/Makefile
config.status:1358: creating cmd/vdev_id/Makefile
config.status:1358: creating cmd/arcstat/Makefile
config.status:1358: creating cmd/dbufstat/Makefile
config.status:1358: creating cmd/arc_summary/Makefile
config.status:1358: creating cmd/zed/Makefile
config.status:1358: creating cmd/raidz_test/Makefile
config.status:1358: creating contrib/Makefile
config.status:1358: creating contrib/bash_completion.d/Makefile
config.status:1358: creating contrib/dracut/Makefile
config.status:1358: creating contrib/dracut/02zfsexpandknowledge/Makefile
config.status:1358: creating contrib/dracut/90zfs/Makefile
config.status:1358: creating contrib/initramfs/Makefile
config.status:1358: creating module/Makefile
config.status:1358: creating module/avl/Makefile
config.status:1358: creating module/nvpair/Makefile
config.status:1358: creating module/unicode/Makefile
config.status:1358: creating module/zcommon/Makefile
config.status:1358: creating module/zfs/Makefile
config.status:1358: creating module/zpios/Makefile
config.status:1358: creating module/icp/Makefile
config.status:1358: creating include/Makefile
config.status:1358: creating include/linux/Makefile
config.status:1358: creating include/sys/Makefile
config.status:1358: creating include/sys/fs/Makefile
config.status:1358: creating include/sys/fm/Makefile
config.status:1358: creating include/sys/fm/fs/Makefile
config.status:1358: creating include/sys/crypto/Makefile
config.status:1358: creating include/sys/sysevent/Makefile
config.status:1358: creating scripts/Makefile
config.status:1358: creating scripts/zpios-profile/Makefile
config.status:1358: creating scripts/zpios-test/Makefile
config.status:1358: creating scripts/zpool-config/Makefile
config.status:1358: creating scripts/common.sh
config.status:1358: creating tests/Makefile
config.status:1358: creating tests/test-runner/Makefile
config.status:1358: creating tests/test-runner/cmd/Makefile
config.status:1358: creating tests/test-runner/include/Makefile
config.status:1358: creating tests/test-runner/man/Makefile
config.status:1358: creating tests/runfiles/Makefile
config.status:1358: creating tests/zfs-tests/Makefile
config.status:1358: creating tests/zfs-tests/callbacks/Makefile
config.status:1358: creating tests/zfs-tests/cmd/Makefile
config.status:1358: creating tests/zfs-tests/cmd/chg_usr_exec/Makefile
config.status:1358: creating tests/zfs-tests/cmd/devname2devid/Makefile
config.status:1358: creating tests/zfs-tests/cmd/dir_rd_update/Makefile
config.status:1358: creating tests/zfs-tests/cmd/file_check/Makefile
config.status:1358: creating tests/zfs-tests/cmd/file_trunc/Makefile
config.status:1358: creating tests/zfs-tests/cmd/file_write/Makefile
config.status:1358: creating tests/zfs-tests/cmd/largest_file/Makefile
config.status:1358: creating tests/zfs-tests/cmd/mkbusy/Makefile
config.status:1358: creating tests/zfs-tests/cmd/mkfile/Makefile
config.status:1358: creating tests/zfs-tests/cmd/mkfiles/Makefile
config.status:1358: creating tests/zfs-tests/cmd/mktree/Makefile
config.status:1358: creating tests/zfs-tests/cmd/mmap_exec/Makefile
config.status:1358: creating tests/zfs-tests/cmd/mmapwrite/Makefile
config.status:1358: creating tests/zfs-tests/cmd/randfree_file/Makefile
config.status:1358: creating tests/zfs-tests/cmd/readmmap/Makefile
config.status:1358: creating tests/zfs-tests/cmd/rename_dir/Makefile
config.status:1358: creating tests/zfs-tests/cmd/rm_lnkcnt_zero_file/Makefile
config.status:1358: creating tests/zfs-tests/cmd/threadsappend/Makefile
config.status:1358: creating tests/zfs-tests/cmd/xattrtest/Makefile
config.status:1358: creating tests/zfs-tests/include/Makefile
config.status:1358: creating tests/zfs-tests/tests/Makefile
config.status:1358: creating tests/zfs-tests/tests/functional/Makefile
config.status:1358: creating tests/zfs-tests/tests/functional/acl/Makefile
config.status:1358: creating tests/zfs-tests/tests/functional/acl/posix/Makefile
config.status:1358: creating tests/zfs-tests/tests/functional/atime/Makefile
config.status:1358: creating tests/zfs-tests/tests/functional/bootfs/Makefile
config.status:1358: creating tests/zfs-tests/tests/functional/cache/Makefile
config.status:1358: creating tests/zfs-tests/tests/functional/cachefile/Makefile
config.status:1358: creating tests/zfs-tests/tests/functional/casenorm/Makefile
config.status:1358: creating tests/zfs-tests/tests/functional/checksum/Makefile
config.status:1358: creating tests/zfs-tests/tests/functional/chattr/Makefile
config.status:1358: creating tests/zfs-tests/tests/functional/clean_mirror/Makefile
config.status:1358: creating tests/zfs-tests/tests/functional/cli_root/Makefile
config.status:1358: creating tests/zfs-tests/tests/functional/cli_root/zdb/Makefile
config.status:1358: creating tests/zfs-tests/tests/functional/cli_root/zfs_clone/Makefile
config.status:1358: creating tests/zfs-tests/tests/functional/cli_root/zfs_copies/Makefile
config.status:1358: creating tests/zfs-tests/tests/functional/cli_root/zfs_create/Makefile
config.status:1358: creating tests/zfs-tests/tests/functional/cli_root/zfs_destroy/Makefile
config.status:1358: creating tests/zfs-tests/tests/functional/cli_root/zfs_get/Makefile
config.status:1358: creating tests/zfs-tests/tests/functional/cli_root/zfs_inherit/Makefile
config.status:1358: creating tests/zfs-tests/tests/functional/cli_root/zfs/Makefile
config.status:1358: creating tests/zfs-tests/tests/functional/cli_root/zfs_mount/Makefile
config.status:1358: creating tests/zfs-tests/tests/functional/cli_root/zfs_promote/Makefile
config.status:1358: creating tests/zfs-tests/tests/functional/cli_root/zfs_property/Makefile
config.status:1358: creating tests/zfs-tests/tests/functional/cli_root/zfs_receive/Makefile
config.status:1358: creating tests/zfs-tests/tests/functional/cli_root/zfs_rename/Makefile
config.status:1358: creating tests/zfs-tests/tests/functional/cli_root/zfs_reservation/Makefile
config.status:1358: creating tests/zfs-tests/tests/functional/cli_root/zfs_rollback/Makefile
config.status:1358: creating tests/zfs-tests/tests/functional/cli_root/zfs_send/Makefile
config.status:1358: creating tests/zfs-tests/tests/functional/cli_root/zfs_set/Makefile
config.status:1358: creating tests/zfs-tests/tests/functional/cli_root/zfs_share/Makefile
config.status:1358: creating tests/zfs-tests/tests/functional/cli_root/zfs_snapshot/Makefile
config.status:1358: creating tests/zfs-tests/tests/functional/cli_root/zfs_unmount/Makefile
config.status:1358: creating tests/zfs-tests/tests/functional/cli_root/zfs_unshare/Makefile
config.status:1358: creating tests/zfs-tests/tests/functional/cli_root/zfs_upgrade/Makefile
config.status:1358: creating tests/zfs-tests/tests/functional/cli_root/zpool_add/Makefile
config.status:1358: creating tests/zfs-tests/tests/functional/cli_root/zpool_attach/Makefile
config.status:1358: creating tests/zfs-tests/tests/functional/cli_root/zpool_clear/Makefile
config.status:1358: creating tests/zfs-tests/tests/functional/cli_root/zpool_create/Makefile
config.status:1358: creating tests/zfs-tests/tests/functional/cli_root/zpool_destroy/Makefile
config.status:1358: creating tests/zfs-tests/tests/functional/cli_root/zpool_detach/Makefile
config.status:1358: creating tests/zfs-tests/tests/functional/cli_root/zpool_expand/Makefile
config.status:1358: creating tests/zfs-tests/tests/functional/cli_root/zpool_export/Makefile
config.status:1358: creating tests/zfs-tests/tests/functional/cli_root/zpool_get/Makefile
config.status:1358: creating tests/zfs-tests/tests/functional/cli_root/zpool_history/Makefile
config.status:1358: creating tests/zfs-tests/tests/functional/cli_root/zpool_import/Makefile
config.status:1358: creating tests/zfs-tests/tests/functional/cli_root/zpool_labelclear/Makefile
config.status:1358: creating tests/zfs-tests/tests/functional/cli_root/zpool/Makefile
config.status:1358: creating tests/zfs-tests/tests/functional/cli_root/zpool_offline/Makefile
config.status:1358: creating tests/zfs-tests/tests/functional/cli_root/zpool_online/Makefile
config.status:1358: creating tests/zfs-tests/tests/functional/cli_root/zpool_remove/Makefile
config.status:1358: creating tests/zfs-tests/tests/functional/cli_root/zpool_replace/Makefile
config.status:1358: creating tests/zfs-tests/tests/functional/cli_root/zpool_scrub/Makefile
config.status:1358: creating tests/zfs-tests/tests/functional/cli_root/zpool_set/Makefile
config.status:1358: creating tests/zfs-tests/tests/functional/cli_root/zpool_status/Makefile
config.status:1358: creating tests/zfs-tests/tests/functional/cli_root/zpool_upgrade/Makefile
config.status:1358: creating tests/zfs-tests/tests/functional/cli_user/Makefile
config.status:1358: creating tests/zfs-tests/tests/functional/cli_user/misc/Makefile
config.status:1358: creating tests/zfs-tests/tests/functional/cli_user/zfs_list/Makefile
config.status:1358: creating tests/zfs-tests/tests/functional/cli_user/zpool_iostat/Makefile
config.status:1358: creating tests/zfs-tests/tests/functional/cli_user/zpool_list/Makefile
config.status:1358: creating tests/zfs-tests/tests/functional/compression/Makefile
config.status:1358: creating tests/zfs-tests/tests/functional/ctime/Makefile
config.status:1358: creating tests/zfs-tests/tests/functional/delegate/Makefile
config.status:1358: creating tests/zfs-tests/tests/functional/devices/Makefile
config.status:1358: creating tests/zfs-tests/tests/functional/exec/Makefile
config.status:1358: creating tests/zfs-tests/tests/functional/fault/Makefile
config.status:1358: creating tests/zfs-tests/tests/functional/features/async_destroy/Makefile
config.status:1358: creating tests/zfs-tests/tests/functional/features/large_dnode/Makefile
config.status:1358: creating tests/zfs-tests/tests/functional/features/Makefile
config.status:1358: creating tests/zfs-tests/tests/functional/grow_pool/Makefile
config.status:1358: creating tests/zfs-tests/tests/functional/grow_replicas/Makefile
config.status:1358: creating tests/zfs-tests/tests/functional/history/Makefile
config.status:1358: creating tests/zfs-tests/tests/functional/inheritance/Makefile
config.status:1358: creating tests/zfs-tests/tests/functional/inuse/Makefile
config.status:1358: creating tests/zfs-tests/tests/functional/large_files/Makefile
config.status:1358: creating tests/zfs-tests/tests/functional/largest_pool/Makefile
config.status:1358: creating tests/zfs-tests/tests/functional/link_count/Makefile
config.status:1358: creating tests/zfs-tests/tests/functional/libzfs/Makefile
config.status:1358: creating tests/zfs-tests/tests/functional/migration/Makefile
config.status:1358: creating tests/zfs-tests/tests/functional/mmap/Makefile
config.status:1358: creating tests/zfs-tests/tests/functional/mount/Makefile
config.status:1358: creating tests/zfs-tests/tests/functional/mv_files/Makefile
config.status:1358: creating tests/zfs-tests/tests/functional/nestedfs/Makefile
config.status:1358: creating tests/zfs-tests/tests/functional/no_space/Makefile
config.status:1358: creating tests/zfs-tests/tests/functional/nopwrite/Makefile
config.status:1358: creating tests/zfs-tests/tests/functional/online_offline/Makefile
config.status:1358: creating tests/zfs-tests/tests/functional/pool_names/Makefile
config.status:1358: creating tests/zfs-tests/tests/functional/poolversion/Makefile
config.status:1358: creating tests/zfs-tests/tests/functional/privilege/Makefile
config.status:1358: creating tests/zfs-tests/tests/functional/quota/Makefile
config.status:1358: creating tests/zfs-tests/tests/functional/raidz/Makefile
config.status:1358: creating tests/zfs-tests/tests/functional/redundancy/Makefile
config.status:1358: creating tests/zfs-tests/tests/functional/refquota/Makefile
config.status:1358: creating tests/zfs-tests/tests/functional/refreserv/Makefile
config.status:1358: creating tests/zfs-tests/tests/functional/rename_dirs/Makefile
config.status:1358: creating tests/zfs-tests/tests/functional/replacement/Makefile
config.status:1358: creating tests/zfs-tests/tests/functional/reservation/Makefile
config.status:1358: creating tests/zfs-tests/tests/functional/rootpool/Makefile
config.status:1358: creating tests/zfs-tests/tests/functional/rsend/Makefile
config.status:1358: creating tests/zfs-tests/tests/functional/scrub_mirror/Makefile
config.status:1358: creating tests/zfs-tests/tests/functional/slog/Makefile
config.status:1358: creating tests/zfs-tests/tests/functional/snapshot/Makefile
config.status:1358: creating tests/zfs-tests/tests/functional/snapused/Makefile
config.status:1358: creating tests/zfs-tests/tests/functional/sparse/Makefile
config.status:1358: creating tests/zfs-tests/tests/functional/threadsappend/Makefile
config.status:1358: creating tests/zfs-tests/tests/functional/tmpfile/Makefile
config.status:1358: creating tests/zfs-tests/tests/functional/truncate/Makefile
config.status:1358: creating tests/zfs-tests/tests/functional/userquota/Makefile
config.status:1358: creating tests/zfs-tests/tests/functional/upgrade/Makefile
config.status:1358: creating tests/zfs-tests/tests/functional/vdev_zaps/Makefile
config.status:1358: creating tests/zfs-tests/tests/functional/write_dirs/Makefile
config.status:1358: creating tests/zfs-tests/tests/functional/xattr/Makefile
config.status:1358: creating tests/zfs-tests/tests/functional/zvol/Makefile
config.status:1358: creating tests/zfs-tests/tests/functional/zvol/zvol_cli/Makefile
config.status:1358: creating tests/zfs-tests/tests/functional/zvol/zvol_ENOSPC/Makefile
config.status:1358: creating tests/zfs-tests/tests/functional/zvol/zvol_misc/Makefile
config.status:1358: creating tests/zfs-tests/tests/functional/zvol/zvol_swap/Makefile
config.status:1358: creating tests/zfs-tests/tests/perf/Makefile
config.status:1358: creating tests/zfs-tests/tests/perf/fio/Makefile
config.status:1358: creating tests/zfs-tests/tests/perf/regression/Makefile
config.status:1358: creating tests/zfs-tests/tests/perf/scripts/Makefile
config.status:1358: creating tests/zfs-tests/tests/stress/Makefile
config.status:1358: creating rpm/Makefile
config.status:1358: creating rpm/redhat/Makefile
config.status:1358: creating rpm/redhat/zfs.spec
config.status:1358: creating rpm/redhat/zfs-kmod.spec
config.status:1358: creating rpm/redhat/zfs-dkms.spec
config.status:1358: creating rpm/generic/Makefile
config.status:1358: creating rpm/generic/zfs.spec
config.status:1358: creating rpm/generic/zfs-kmod.spec
config.status:1358: creating rpm/generic/zfs-dkms.spec
config.status:1358: creating zfs-script-config.sh
config.status:1358: creating zfs.release
config.status:1358: creating zfs_config.h
config.status:1632: executing depfiles commands
config.status:1632: executing libtool commands

## ---------------- ##
## Cache variables. ##
## ---------------- ##

ac_cv_build=x86_64-unknown-linux-gnu
ac_cv_c_compiler_gnu=yes
ac_cv_env_CCASFLAGS_set=
ac_cv_env_CCASFLAGS_value=
ac_cv_env_CCAS_set=
ac_cv_env_CCAS_value=
ac_cv_env_CC_set=
ac_cv_env_CC_value=
ac_cv_env_CFLAGS_set=
ac_cv_env_CFLAGS_value=
ac_cv_env_CPPFLAGS_set=
ac_cv_env_CPPFLAGS_value=
ac_cv_env_CPP_set=
ac_cv_env_CPP_value=
ac_cv_env_LDFLAGS_set=
ac_cv_env_LDFLAGS_value=
ac_cv_env_LIBS_set=
ac_cv_env_LIBS_value=
ac_cv_env_build_alias_set=
ac_cv_env_build_alias_value=
ac_cv_env_host_alias_set=
ac_cv_env_host_alias_value=
ac_cv_env_target_alias_set=
ac_cv_env_target_alias_value=
ac_cv_func_mlockall=yes
ac_cv_header_attr_xattr_h=yes
ac_cv_header_blkid_blkid_h=yes
ac_cv_header_dlfcn_h=yes
ac_cv_header_inttypes_h=yes
ac_cv_header_libudev_h=no
ac_cv_header_memory_h=yes
ac_cv_header_stdc=yes
ac_cv_header_stdint_h=yes
ac_cv_header_stdlib_h=yes
ac_cv_header_string_h=yes
ac_cv_header_strings_h=yes
ac_cv_header_sys_stat_h=yes
ac_cv_header_sys_types_h=yes
ac_cv_header_unistd_h=yes
ac_cv_header_uuid_uuid_h=yes
ac_cv_header_zlib_h=yes
ac_cv_host=x86_64-unknown-linux-gnu
ac_cv_lib_tirpc_xdrmem_create=no
ac_cv_objext=o
ac_cv_path_EGREP='/bin/grep -E'
ac_cv_path_FGREP='/bin/grep -F'
ac_cv_path_GREP=/bin/grep
ac_cv_path_SED=/bin/sed
ac_cv_path_install='/usr/bin/install -c'
ac_cv_path_mkdir=/bin/mkdir
ac_cv_prog_AWK=gawk
ac_cv_prog_CPP='gcc -E'
ac_cv_prog_ac_ct_AR=ar
ac_cv_prog_ac_ct_CC=gcc
ac_cv_prog_ac_ct_OBJDUMP=objdump
ac_cv_prog_ac_ct_RANLIB=ranlib
ac_cv_prog_ac_ct_STRIP=strip
ac_cv_prog_cc_c89=
ac_cv_prog_cc_g=yes
ac_cv_prog_cc_gcc_c_o=yes
ac_cv_prog_make_make_set=yes
ac_cv_search_compress2=-lz
ac_cv_search_crc32='none required'
ac_cv_search_udev_device_get_is_initialized=no
ac_cv_search_uncompress='none required'
ac_cv_search_uuid_generate=-luuid
ac_cv_search_uuid_is_null='none required'
ac_cv_search_xdrmem_create='none required'
ac_cv_target=x86_64-unknown-linux-gnu
am_cv_CCAS_dependencies_compiler_type=gcc3
am_cv_CC_dependencies_compiler_type=gcc3
lt_cv_deplibs_check_method=pass_all
lt_cv_file_magic_cmd='$MAGIC_CMD'
lt_cv_file_magic_test_file=
lt_cv_ld_reload_flag=-r
lt_cv_nm_interface='BSD nm'
lt_cv_objdir=.libs
lt_cv_path_LD=/usr/bin/ld
lt_cv_path_NM='/usr/bin/nm -B'
lt_cv_prog_compiler_c_o=yes
lt_cv_prog_compiler_pic_works=yes
lt_cv_prog_compiler_rtti_exceptions=no
lt_cv_prog_compiler_static_works=yes
lt_cv_prog_gnu_ld=yes
lt_cv_sys_global_symbol_pipe='sed -n -e '\''s/^.*[	 ]\([ABCDGIRSTW][ABCDGIRSTW]*\)[	 ][	 ]*\([_A-Za-z][_A-Za-z0-9]*\)$/\1 \2 \2/p'\'''
lt_cv_sys_global_symbol_to_c_name_address='sed -n -e '\''s/^: \([^ ]*\) $/  {\"\1\", (void *) 0},/p'\'' -e '\''s/^[ABCDGIRSTW]* \([^ ]*\) \([^ ]*\)$/  {"\2", (void *) \&\2},/p'\'''
lt_cv_sys_global_symbol_to_c_name_address_lib_prefix='sed -n -e '\''s/^: \([^ ]*\) $/  {\"\1\", (void *) 0},/p'\'' -e '\''s/^[ABCDGIRSTW]* \([^ ]*\) \(lib[^ ]*\)$/  {"\2", (void *) \&\2},/p'\'' -e '\''s/^[ABCDGIRSTW]* \([^ ]*\) \([^ ]*\)$/  {"lib\2", (void *) \&\2},/p'\'''
lt_cv_sys_global_symbol_to_cdecl='sed -n -e '\''s/^T .* \(.*\)$/extern int \1();/p'\'' -e '\''s/^[ABCDGIRSTW]* .* \(.*\)$/extern char \1;/p'\'''
lt_cv_sys_max_cmd_len=1572864

## ----------------- ##
## Output variables. ##
## ----------------- ##

ACLOCAL='${SHELL} /home/sean/Git/zfsonlinux/zfs/config/missing --run aclocal-1.11'
ALIEN='alien'
ALIEN_VERSION=''
AMDEPBACKSLASH='\'
AMDEP_FALSE='#'
AMDEP_TRUE=''
AMTAR='${SHELL} /home/sean/Git/zfsonlinux/zfs/config/missing --run tar'
AM_BACKSLASH='\'
AM_DEFAULT_VERBOSITY='0'
AR='ar'
AUTOCONF='${SHELL} /home/sean/Git/zfsonlinux/zfs/config/missing --run autoconf'
AUTOHEADER='${SHELL} /home/sean/Git/zfsonlinux/zfs/config/missing --run autoheader'
AUTOMAKE='${SHELL} /home/sean/Git/zfsonlinux/zfs/config/missing --run automake-1.11'
AWK='gawk'
CC='gcc'
CCAS='gcc'
CCASDEPMODE='depmode=gcc3'
CCASFLAGS='-g -O2'
CCDEPMODE='depmode=gcc3'
CFLAGS='-g -O2'
CONFIG_KERNEL_FALSE=''
CONFIG_KERNEL_TRUE='#'
CONFIG_QAT_FALSE=''
CONFIG_QAT_TRUE='#'
CONFIG_USER_FALSE='#'
CONFIG_USER_TRUE=''
CPP='gcc -E'
CPPFLAGS=''
CYGPATH_W='echo'
DEBUG_CFLAGS='-DNDEBUG'
DEBUG_STACKFLAGS=''
DEBUG_ZFS='_without_debug'
DEFAULT_INITCONF_DIR='/etc/sysconfig'
DEFAULT_INIT_DIR='${prefix}/etc/init.d'
DEFAULT_INIT_SCRIPT='redhat'
DEFAULT_PACKAGE='rpm'
DEFINE_INITRAMFS=''
DEFS='-DHAVE_CONFIG_H'
DEPDIR='.deps'
DPKG='dpkg'
DPKGBUILD='dpkg-buildpackage'
DPKGBUILD_VERSION=''
DPKG_VERSION=''
DSYMUTIL=''
DUMPBIN=''
ECHO_C=''
ECHO_N='-n'
ECHO_T=''
EGREP='/bin/grep -E'
EXEEXT=''
FGREP='/bin/grep -F'
FRAME_LARGER_THAN='-Wframe-larger-than=1024'
GREP='/bin/grep'
HAVE_ALIEN='no'
HAVE_DPKG='no'
HAVE_DPKGBUILD='no'
HAVE_RPM='yes'
HAVE_RPMBUILD='yes'
INSTALL_DATA='${INSTALL} -m 644'
INSTALL_PROGRAM='${INSTALL}'
INSTALL_SCRIPT='${INSTALL}'
INSTALL_STRIP_PROGRAM='$(install_sh) -c -s'
KERNELCPPFLAGS=' -DNDEBUG '
KERNELMAKE_PARAMS=''
LD='/usr/bin/ld -m elf_x86_64'
LDFLAGS=''
LIBATTR='-lattr'
LIBBLKID='-lblkid'
LIBOBJS=''
LIBS='-luuid -lz '
LIBTIRPC=''
LIBTIRPC_CFLAGS=''
LIBTOOL='$(SHELL) $(top_builddir)/libtool'
LIBUDEV=''
LIBUUID='-luuid'
LINUX=''
LINUX_OBJ=''
LINUX_SYMBOLS=''
LINUX_VERSION=''
LIPO=''
LN_S='ln -s'
LTLIBOBJS=''
MAINT='#'
MAINTAINER_MODE_FALSE=''
MAINTAINER_MODE_TRUE='#'
MAKEINFO='${SHELL} /home/sean/Git/zfsonlinux/zfs/config/missing --run makeinfo'
MKDIR_P='/bin/mkdir -p'
NM='/usr/bin/nm -B'
NMEDIT=''
NO_BOOL_COMPARE=''
NO_UNUSED_BUT_SET_VARIABLE='-Wno-unused-but-set-variable'
OBJDUMP='objdump'
OBJEXT='o'
OTOOL64=''
OTOOL=''
PACKAGE='zfs'
PACKAGE_BUGREPORT=''
PACKAGE_NAME='zfs'
PACKAGE_STRING='zfs 0.7.0'
PACKAGE_TARNAME='zfs'
PACKAGE_VERSION='0.7.0'
PATH_SEPARATOR=':'
QAT_OBJ=''
QAT_SRC=''
QAT_SYMBOLS=''
RANLIB='ranlib'
RELEASE='rc3_217_g0091d66'
RM='rm -f'
RPM='rpm'
RPMBUILD='rpmbuild'
RPMBUILD_VERSION='4.8.0'
RPM_DEFINE_COMMON='--define "$(DEBUG_ZFS) 1"'
RPM_DEFINE_DKMS=''
RPM_DEFINE_KMOD='--define "kernels $(LINUX_VERSION)" --define "require_spldir $(SPL)" --define "require_splobj $(SPL_OBJ)" --define "ksrc $(LINUX)" --define "kobj $(LINUX_OBJ)"'
RPM_DEFINE_UTIL='--define "_dracutdir $(dracutdir)" --define "_udevdir $(udevdir)" --define "_udevruledir $(udevruledir)" --define "_initconfdir $(DEFAULT_INITCONF_DIR)" $(DEFINE_INITRAMFS)'
RPM_SPEC_DIR='rpm/generic'
RPM_VERSION='4.8.0'
SED='/bin/sed'
SET_MAKE=''
SHELL='/bin/sh'
SPL=''
SPL_OBJ=''
SPL_SYMBOLS=''
SPL_VERSION=''
SRPM_DEFINE_COMMON='--define "build_src_rpm 1"'
SRPM_DEFINE_DKMS=''
SRPM_DEFINE_KMOD=''
SRPM_DEFINE_UTIL=''
STRIP='strip'
TARGET_ASM_DIR='asm-x86_64'
TARGET_ASM_GENERIC_FALSE=''
TARGET_ASM_GENERIC_TRUE='#'
TARGET_ASM_I386_FALSE=''
TARGET_ASM_I386_TRUE='#'
TARGET_ASM_X86_64_FALSE='#'
TARGET_ASM_X86_64_TRUE=''
VENDOR='redhat'
VERSION='0.7.0'
WANT_DEVNAME2DEVID_FALSE=''
WANT_DEVNAME2DEVID_TRUE='#'
ZFS_CONFIG='user'
ZFS_INIT_SYSTEMD='systemd'
ZFS_INIT_SYSV='init.d'
ZFS_META_ALIAS='zfs-0.7.0-rc3_217_g0091d66'
ZFS_META_AUTHOR='OpenZFS on Linux'
ZFS_META_DATA=''
ZFS_META_LICENSE='CDDL'
ZFS_META_LT_AGE=''
ZFS_META_LT_CURRENT=''
ZFS_META_LT_REVISION=''
ZFS_META_NAME='zfs'
ZFS_META_RELEASE='rc3_217_g0091d66'
ZFS_META_VERSION='0.7.0'
ZFS_MODULE_LOAD='modules-load.d'
ZLIB='-lz'
ZONENAME='echo global'
ac_ct_CC='gcc'
ac_ct_DUMPBIN=''
am__EXEEXT_FALSE=''
am__EXEEXT_TRUE='#'
am__fastdepCCAS_FALSE='#'
am__fastdepCCAS_TRUE=''
am__fastdepCC_FALSE='#'
am__fastdepCC_TRUE=''
am__include='include'
am__isrc=''
am__leading_dot='.'
am__quote=''
am__tar='${AMTAR} chof - "$$tardir"'
am__untar='${AMTAR} xf -'
bindir='${exec_prefix}/bin'
build='x86_64-unknown-linux-gnu'
build_alias=''
build_cpu='x86_64'
build_os='linux-gnu'
build_vendor='unknown'
datadir='${datarootdir}'
datarootdir='${prefix}/share'
docdir='${datarootdir}/doc/${PACKAGE_TARNAME}'
dracutdir='/usr/share/dracut'
dvidir='${docdir}'
exec_prefix='${prefix}'
host='x86_64-unknown-linux-gnu'
host_alias=''
host_cpu='x86_64'
host_os='linux-gnu'
host_vendor='unknown'
htmldir='${docdir}'
includedir='${prefix}/include'
infodir='${datarootdir}/info'
install_sh='${SHELL} /home/sean/Git/zfsonlinux/zfs/config/install-sh'
libdir='${exec_prefix}/lib'
libexecdir='${exec_prefix}/libexec'
localedir='${datarootdir}/locale'
localstatedir='${prefix}/var'
lt_ECHO='echo'
mandir='${datarootdir}/man'
mkdir_p='/bin/mkdir -p'
modulesloaddir='/usr/lib/modules-load.d'
mounthelperdir='/sbin'
oldincludedir='/usr/include'
pdfdir='${docdir}'
prefix='/usr/local'
program_transform_name='s,x,x,'
psdir='${docdir}'
runstatedir='${localstatedir}/run'
sbindir='${exec_prefix}/sbin'
sharedstatedir='${prefix}/com'
sysconfdir='${prefix}/etc'
systemdpresetdir='/usr/lib/systemd/system-preset'
systemdunitdir='/usr/lib/systemd/system'
target='x86_64-unknown-linux-gnu'
target_alias=''
target_cpu='x86_64'
target_os='linux-gnu'
target_vendor='unknown'
udevdir='/lib/udev'
udevruledir='/lib/udev/rules.d'

## ----------- ##
## confdefs.h. ##
## ----------- ##

#define PACKAGE_NAME "zfs"
#define PACKAGE_TARNAME "zfs"
#define PACKAGE_VERSION "0.7.0"
#define PACKAGE_STRING "zfs 0.7.0"
#define PACKAGE_BUGREPORT ""
#define ZFS_META_NAME "zfs"
#define ZFS_META_VERSION "0.7.0"
#define ZFS_META_RELEASE "rc3_217_g0091d66"
#define ZFS_META_LICENSE "CDDL"
#define ZFS_META_ALIAS "zfs-0.7.0-rc3_217_g0091d66"
#define ZFS_META_AUTHOR "OpenZFS on Linux"
#define PACKAGE "zfs"
#define VERSION "0.7.0"
#define STDC_HEADERS 1
#define HAVE_SYS_TYPES_H 1
#define HAVE_SYS_STAT_H 1
#define HAVE_STDLIB_H 1
#define HAVE_STRING_H 1
#define HAVE_MEMORY_H 1
#define HAVE_STRINGS_H 1
#define HAVE_INTTYPES_H 1
#define HAVE_STDINT_H 1
#define HAVE_UNISTD_H 1
#define HAVE_DLFCN_H 1
#define LT_OBJDIR ".libs/"
#define HAVE_SSE 1
#define HAVE_SSE2 1
#define HAVE_SSE3 1
#define HAVE_SSSE3 1
#define HAVE_SSE4_1 1
#define HAVE_SSE4_2 1
#define HAVE_AVX 1
#define HAVE_ZLIB 1
#define HAVE_LIBUUID 1
#define HAVE_LIBBLKID 1
#define HAVE_LIBATTR 1
#define HAVE_MAKEDEV_IN_SYSMACROS 1
#define HAVE_MLOCKALL 1

configure: exit 0
