Sep  6 12:09:37 atmaweapon kernel: Large kmem_alloc(53248, 0x1000), please file an issue at:
Sep  6 12:09:37 atmaweapon kernel: https://github.com/zfsonlinux/zfs/issues/new
Sep  6 12:09:37 atmaweapon kernel: CPU: 3 PID: 3524 Comm: zvol Tainted: P           O    4.1.6 #5
Sep  6 12:09:37 atmaweapon kernel: Hardware name: ASUS All Series/Z97-A, BIOS 1304 07/11/2014
Sep  6 12:09:37 atmaweapon kernel: 000000000000c210 ffff88041522fba8 ffffffffa94e5dc6 ffffffffc03ab363
Sep  6 12:09:37 atmaweapon kernel: ffff88020d83a9a0 0000000000001a00 0000000003400000 00000001ad100000
Sep  6 12:09:37 atmaweapon kernel: [<ffffffffa94e5dc6>] dump_stack+0x48/0x5a
Sep  6 12:09:37 atmaweapon kernel: [<ffffffffc02facc4>] dmu_buf_hold_array_by_dnode+0x94/0x490 [zfs]
Sep  6 12:09:37 atmaweapon kernel: [<ffffffffc034cf35>] ? txg_rele_to_quiesce+0x25/0x30 [zfs]
Sep  6 12:09:37 atmaweapon kernel: [<ffffffffc03a31a7>] zvol_write+0x117/0x450 [zfs]
Sep  6 12:09:37 atmaweapon kernel: [<ffffffffc02a6133>] taskq_thread+0x253/0x5a0 [spl]
Sep  6 12:09:37 atmaweapon kernel: [<ffffffffc02a5ee0>] ? taskq_dispatch+0x160/0x160 [spl]
Sep  6 12:09:37 atmaweapon kernel: [<ffffffffa906273e>] kthread+0xce/0xf0
Sep  6 12:09:37 atmaweapon kernel: [<ffffffffa94ea1d2>] ret_from_fork+0x42/0x70
Sep  6 12:19:55 atmaweapon kernel: kvm [13236]: vcpu0 disabled perfctr wrmsr: 0xc2 data 0xffff
Sep  6 12:19:56 atmaweapon kernel: kvm [13236]: vcpu1 unhandled rdmsr: 0x570
Sep  6 12:38:16 atmaweapon kernel: device win7 left promiscuous mode
Sep  6 12:38:59 atmaweapon kernel: kvm [27879]: vcpu0 disabled perfctr wrmsr: 0xc2 data 0xffff
Sep  6 12:39:00 atmaweapon kernel: kvm [27879]: vcpu1 unhandled rdmsr: 0x570
Sep  6 12:39:09 atmaweapon kernel: device win7 entered promiscuous mode
Sep  6 12:40:58 atmaweapon kernel: Large kmem_alloc(65336, 0x1000), please file an issue at:
Sep  6 12:40:58 atmaweapon kernel: https://github.com/zfsonlinux/zfs/issues/new
Sep  6 12:40:58 atmaweapon kernel: Hardware name: ASUS All Series/Z97-A, BIOS 1304 07/11/2014
Sep  6 12:40:58 atmaweapon kernel: 0000000000001000 ffff88041522fbe8 ffffffffc02a2c44 ffffffffc03abe90
Sep  6 12:40:58 atmaweapon kernel: Call Trace:
Sep  6 12:40:58 atmaweapon kernel: [<ffffffffc02a2c44>] spl_kmem_zalloc+0x114/0x1a0 [spl]
Sep  6 12:40:58 atmaweapon kernel: [<ffffffffc02fb330>] dmu_buf_hold_array+0x60/0x90 [zfs]
Sep  6 12:40:58 atmaweapon kernel: [<ffffffffc02fb80a>] dmu_write_req+0x6a/0x1a0 [zfs]
Sep  6 12:40:58 atmaweapon kernel: [<ffffffffa94e617b>] ? __schedule+0x28b/0x790
Sep  6 12:40:58 atmaweapon kernel: [<ffffffffa906c0a0>] ? try_to_wake_up+0x2d0/0x2d0
Sep  6 12:40:58 atmaweapon kernel: [<ffffffffc02a5ee0>] ? taskq_dispatch+0x160/0x160 [spl]
Sep  6 12:40:58 atmaweapon kernel: [<ffffffffa9062670>] ? kthread_freezable_should_stop+0x70/0x70
Sep  6 12:40:58 atmaweapon kernel: [<ffffffffa9062670>] ? kthread_freezable_should_stop+0x70/0x70
Sep  6 12:41:01 atmaweapon kernel: CPU: 2 PID: 3524 Comm: zvol Tainted: P           O    4.1.6 #5
Sep  6 12:41:01 atmaweapon kernel: 000000000000c210 ffff88041522fba8 ffffffffa94e5dc6 ffffffffc03ab363
Sep  6 12:41:01 atmaweapon kernel: ffff88017c1f8de0 0000000000001fe7 0000000003fce000 00000000044e2000
Sep  6 12:41:01 atmaweapon kernel: [<ffffffffa94e5dc6>] dump_stack+0x48/0x5a
Sep  6 12:41:01 atmaweapon kernel: [<ffffffffc02facc4>] dmu_buf_hold_array_by_dnode+0x94/0x490 [zfs]
Sep  6 12:41:01 atmaweapon kernel: [<ffffffffc034cf35>] ? txg_rele_to_quiesce+0x25/0x30 [zfs]
Sep  6 12:41:01 atmaweapon kernel: [<ffffffffc03a31a7>] zvol_write+0x117/0x450 [zfs]
Sep  6 12:41:01 atmaweapon kernel: [<ffffffffc02a6133>] taskq_thread+0x253/0x5a0 [spl]
Sep  6 12:41:01 atmaweapon kernel: [<ffffffffc02a5ee0>] ? taskq_dispatch+0x160/0x160 [spl]
Sep  6 12:41:01 atmaweapon kernel: [<ffffffffa906273e>] kthread+0xce/0xf0
Sep  6 12:41:01 atmaweapon kernel: [<ffffffffa94ea1d2>] ret_from_fork+0x42/0x70
Sep  6 12:41:05 atmaweapon kernel: Call Trace:
Sep  6 12:41:05 atmaweapon kernel: [<ffffffffc02fb330>] dmu_buf_hold_array+0x60/0x90 [zfs]
Sep  6 12:41:05 atmaweapon kernel: [<ffffffffc03a31a7>] zvol_write+0x117/0x450 [zfs]
Sep  6 12:41:05 atmaweapon kernel: [<ffffffffa906c0a0>] ? try_to_wake_up+0x2d0/0x2d0
Sep  6 12:41:05 atmaweapon kernel: [<ffffffffa906273e>] kthread+0xce/0xf0
Sep  6 12:41:05 atmaweapon kernel: [<ffffffffa9062670>] ? kthread_freezable_should_stop+0x70/0x70
Sep  6 12:41:08 atmaweapon kernel: Large kmem_alloc(65304, 0x1000), please file an issue at:
Sep  6 12:41:08 atmaweapon kernel: https://github.com/zfsonlinux/zfs/issues/new
Sep  6 12:41:08 atmaweapon kernel: Hardware name: ASUS All Series/Z97-A, BIOS 1304 07/11/2014
Sep  6 12:41:08 atmaweapon kernel: 000000000000c210 ffff88041522fba8 ffffffffa94e5dc6 ffffffffc03ab363
Sep  6 12:41:08 atmaweapon kernel: ffff88017c1f8de0 0000000000001fe3 0000000003fc6000 000000000c48a000
Sep  6 12:41:08 atmaweapon kernel: [<ffffffffc02a2c44>] spl_kmem_zalloc+0x114/0x1a0 [spl]
Sep  6 12:41:08 atmaweapon kernel: [<ffffffffc034cf35>] ? txg_rele_to_quiesce+0x25/0x30 [zfs]
Sep  6 12:41:08 atmaweapon kernel: [<ffffffffc02a6133>] taskq_thread+0x253/0x5a0 [spl]
Sep  6 12:41:08 atmaweapon kernel: [<ffffffffc02a5ee0>] ? taskq_dispatch+0x160/0x160 [spl]
Sep  6 12:41:08 atmaweapon kernel: [<ffffffffa94ea1d2>] ret_from_fork+0x42/0x70
Sep  6 12:41:11 atmaweapon kernel: [<ffffffffc02a5ee0>] ? taskq_dispatch+0x160/0x160 [spl]
Sep  6 12:41:11 atmaweapon kernel: [<ffffffffc02a5ee0>] ? taskq_dispatch+0x160/0x160 [spl]
Sep  6 12:41:11 atmaweapon kernel: [<ffffffffa906273e>] kthread+0xce/0xf0
Sep  6 12:41:11 atmaweapon kernel: [<ffffffffa9062670>] ? kthread_freezable_should_stop+0x70/0x70
Sep  6 12:41:11 atmaweapon kernel: [<ffffffffa94ea1d2>] ret_from_fork+0x42/0x70
Sep  6 12:41:11 atmaweapon kernel: [<ffffffffa9062670>] ? kthread_freezable_should_stop+0x70/0x70
Sep  6 12:42:06 atmaweapon kernel: Large kmem_alloc(62144, 0x1000), please file an issue at:
Sep  6 12:42:06 atmaweapon kernel: https://github.com/zfsonlinux/zfs/issues/new
Sep  6 12:42:06 atmaweapon kernel: CPU: 3 PID: 3524 Comm: zvol Tainted: P           O    4.1.6 #5
Sep  6 12:42:06 atmaweapon kernel: Hardware name: ASUS All Series/Z97-A, BIOS 1304 07/11/2014
Sep  6 12:42:06 atmaweapon kernel: 000000000000c210 ffff88041522fba8 ffffffffa94e5dc6 ffffffffc03ab363
Sep  6 12:42:06 atmaweapon kernel: 0000000000001000 ffff88041522fbe8 ffffffffc02a2c44 ffffffffc03abe90
Sep  6 12:42:06 atmaweapon kernel: ffff88017c1f8de0 0000000000001e58 0000000003caf000 0000000050500000
Sep  6 12:42:06 atmaweapon kernel: Call Trace:
Sep  6 12:42:06 atmaweapon kernel: [<ffffffffa94e5dc6>] dump_stack+0x48/0x5a
Sep  6 12:42:06 atmaweapon kernel: [<ffffffffc02a2c44>] spl_kmem_zalloc+0x114/0x1a0 [spl]
Sep  6 12:42:06 atmaweapon kernel: [<ffffffffc02facc4>] dmu_buf_hold_array_by_dnode+0x94/0x490 [zfs]
Sep  6 12:42:06 atmaweapon kernel: [<ffffffffc02fb330>] dmu_buf_hold_array+0x60/0x90 [zfs]
Sep  6 12:42:06 atmaweapon kernel: [<ffffffffc02fb80a>] dmu_write_req+0x6a/0x1a0 [zfs]
Sep  6 12:42:06 atmaweapon kernel: [<ffffffffc02a6133>] taskq_thread+0x253/0x5a0 [spl]
Sep  6 12:42:06 atmaweapon kernel: [<ffffffffc02a5ee0>] ? taskq_dispatch+0x160/0x160 [spl]
Sep  6 12:42:06 atmaweapon kernel: [<ffffffffa906273e>] kthread+0xce/0xf0
Sep  6 12:42:06 atmaweapon kernel: [<ffffffffa94ea1d2>] ret_from_fork+0x42/0x70
Sep  6 12:42:20 atmaweapon kernel: Large kmem_alloc(65400, 0x1000), please file an issue at:
Sep  6 12:42:20 atmaweapon kernel: https://github.com/zfsonlinux/zfs/issues/new
Sep  6 12:42:20 atmaweapon kernel: CPU: 6 PID: 3524 Comm: zvol Tainted: P           O    4.1.6 #5
Sep  6 12:42:20 atmaweapon kernel: Hardware name: ASUS All Series/Z97-A, BIOS 1304 07/11/2014
Sep  6 12:42:20 atmaweapon kernel: 000000000000c210 ffff88041522fba8 ffffffffa94e5dc6 ffffffffc03ab363
Sep  6 12:42:20 atmaweapon kernel: 0000000000001000 ffff88041522fbe8 ffffffffc02a2c44 ffffffffc03abe90
Sep  6 12:42:20 atmaweapon kernel: ffff88017c1f8de0 0000000000001fef 0000000003fdd000 00000000541ae000
Sep  6 12:42:20 atmaweapon kernel: Call Trace:
Sep  6 12:42:20 atmaweapon kernel: [<ffffffffa94e5dc6>] dump_stack+0x48/0x5a
Sep  6 12:42:20 atmaweapon kernel: [<ffffffffc02a2c44>] spl_kmem_zalloc+0x114/0x1a0 [spl]
Sep  6 12:42:20 atmaweapon kernel: [<ffffffffc02facc4>] dmu_buf_hold_array_by_dnode+0x94/0x490 [zfs]
Sep  6 12:44:59 atmaweapon kernel:      Tainted: P           O    4.1.6 #5
Sep  6 12:44:59 atmaweapon kernel: qemu-system-x86 D ffff88029dd0fbd8     0 29018  12100 0x00000000
Sep  6 12:44:59 atmaweapon kernel: ffff88029dd0c008 ffff88042ed548c0 7fffffffffffffff ffff88029dd0fd30
Sep  6 12:44:59 atmaweapon kernel: Call Trace:
Sep  6 12:44:59 atmaweapon kernel: [<ffffffffa94e90e5>] schedule_timeout+0x195/0x1e0
Sep  6 12:44:59 atmaweapon kernel: [<ffffffffa94e5e7f>] io_schedule_timeout+0x9f/0x110
Sep  6 12:44:59 atmaweapon kernel: [<ffffffffa94e6f41>] bit_wait_io+0x31/0x50
Sep  6 12:44:59 atmaweapon kernel: [<ffffffffa90d9f88>] wait_on_page_bit+0xb8/0xc0
Sep  6 12:44:59 atmaweapon kernel: [<ffffffffa90da504>] filemap_fdatawait_range+0x104/0x1d0
Sep  6 12:44:59 atmaweapon kernel: [<ffffffffa916d400>] blkdev_fsync+0x20/0x50
Sep  6 12:44:59 atmaweapon kernel: [<ffffffffa90a6006>] ? SyS_futex+0x76/0x170
Sep  6 12:44:59 atmaweapon kernel: [<ffffffffa91661f8>] do_fsync+0x38/0x70
Sep  6 12:44:59 atmaweapon kernel: [<ffffffffa94e9e17>] system_call_fastpath+0x12/0x6a
Sep  6 12:46:59 atmaweapon kernel: qemu-system-x86 D ffff88029dd0fbd8     0 29018  12100 0x00000000
Sep  6 12:46:59 atmaweapon kernel: Call Trace:
Sep  6 12:46:59 atmaweapon kernel: [<ffffffffa9099b2d>] ? ktime_get+0x4d/0xc0
Sep  6 12:46:59 atmaweapon kernel: [<ffffffffa94e6f41>] bit_wait_io+0x31/0x50
Sep  6 12:46:59 atmaweapon kernel: [<ffffffffa907d4a0>] ? wake_atomic_t_function+0x40/0x40
Sep  6 12:46:59 atmaweapon kernel: [<ffffffffa916d400>] blkdev_fsync+0x20/0x50
Sep  6 12:46:59 atmaweapon kernel: [<ffffffffa91661b7>] vfs_fsync+0x17/0x20
Sep  6 12:46:59 atmaweapon kernel: [<ffffffffa94e9e17>] system_call_fastpath+0x12/0x6a
Sep  6 12:48:59 atmaweapon kernel: INFO: task qemu-system-x86:29018 blocked for more than 120 seconds.
Sep  6 12:48:59 atmaweapon kernel:      Tainted: P           O    4.1.6 #5
Sep  6 12:48:59 atmaweapon kernel: "echo 0 > /proc/sys/kernel/hung_task_timeout_secs" disables this message.
Sep  6 12:48:59 atmaweapon kernel: qemu-system-x86 D ffff88029dd0fbd8     0 29018  12100 0x00000000
Sep  6 12:48:59 atmaweapon kernel: ffff88029dd0fbd8 ffff88016f5bf460 ffff88041c5f0850 ffff88029dd0fc18
Sep  6 12:48:59 atmaweapon kernel: ffff88029dd0c008 ffff88042ed548c0 7fffffffffffffff ffff88029dd0fd30
Sep  6 12:48:59 atmaweapon kernel: 0000000000000002 ffff88029dd0fbf8 ffffffffa94e6779 ffff88029dd0fc38
Sep  6 12:48:59 atmaweapon kernel: Call Trace:
Sep  6 12:48:59 atmaweapon kernel: [<ffffffffa94e6779>] schedule+0x39/0x90
Sep  6 12:48:59 atmaweapon kernel: [<ffffffffa94e90e5>] schedule_timeout+0x195/0x1e0
Sep  6 12:48:59 atmaweapon kernel: [<ffffffffa9099b2d>] ? ktime_get+0x4d/0xc0
Sep  6 12:48:59 atmaweapon kernel: [<ffffffffa94e6f10>] ? bit_wait_io_timeout+0x70/0x70
Sep  6 12:48:59 atmaweapon kernel: [<ffffffffa94e6f41>] bit_wait_io+0x31/0x50
Sep  6 12:48:59 atmaweapon kernel: [<ffffffffa90d9f88>] wait_on_page_bit+0xb8/0xc0
Sep  6 12:48:59 atmaweapon kernel: [<ffffffffa90da504>] filemap_fdatawait_range+0x104/0x1d0
Sep  6 12:48:59 atmaweapon kernel: [<ffffffffa916d400>] blkdev_fsync+0x20/0x50
Sep  6 12:48:59 atmaweapon kernel: [<ffffffffa90a6006>] ? SyS_futex+0x76/0x170
Sep  6 12:48:59 atmaweapon kernel: [<ffffffffa91661f8>] do_fsync+0x38/0x70
Sep  6 12:48:59 atmaweapon kernel: [<ffffffffa94e9e17>] system_call_fastpath+0x12/0x6a
Sep  6 12:50:59 atmaweapon kernel: INFO: task qemu-system-x86:29018 blocked for more than 120 seconds.
Sep  6 12:50:59 atmaweapon kernel:      Tainted: P           O    4.1.6 #5
Sep  6 12:50:59 atmaweapon kernel: "echo 0 > /proc/sys/kernel/hung_task_timeout_secs" disables this message.
Sep  6 12:50:59 atmaweapon kernel: qemu-system-x86 D ffff88029dd0fbd8     0 29018  12100 0x00000000
Sep  6 12:50:59 atmaweapon kernel: ffff88029dd0fbd8 ffff88016f5bf460 ffff88041c5f0850 ffff88029dd0fc18
Sep  6 12:50:59 atmaweapon kernel: ffff88029dd0c008 ffff88042ed548c0 7fffffffffffffff ffff88029dd0fd30
Sep  6 12:50:59 atmaweapon kernel: 0000000000000002 ffff88029dd0fbf8 ffffffffa94e6779 ffff88029dd0fc38
Sep  6 12:50:59 atmaweapon kernel: Call Trace:
Sep  6 12:50:59 atmaweapon kernel: [<ffffffffa94e6779>] schedule+0x39/0x90
Sep  6 12:50:59 atmaweapon kernel: [<ffffffffa94e90e5>] schedule_timeout+0x195/0x1e0
Sep  6 12:50:59 atmaweapon kernel: [<ffffffffa9099b2d>] ? ktime_get+0x4d/0xc0
Sep  6 12:50:59 atmaweapon kernel: [<ffffffffa94e5e7f>] io_schedule_timeout+0x9f/0x110
Sep  6 12:50:59 atmaweapon kernel: [<ffffffffa94e6f10>] ? bit_wait_io_timeout+0x70/0x70
Sep  6 12:50:59 atmaweapon kernel: [<ffffffffa94e6f41>] bit_wait_io+0x31/0x50
Sep  6 12:50:59 atmaweapon kernel: [<ffffffffa94e6d3d>] __wait_on_bit+0x5d/0x90
Sep  6 12:50:59 atmaweapon kernel: [<ffffffffa90d9f88>] wait_on_page_bit+0xb8/0xc0
Sep  6 12:50:59 atmaweapon kernel: [<ffffffffa907d4a0>] ? wake_atomic_t_function+0x40/0x40
Sep  6 12:50:59 atmaweapon kernel: [<ffffffffa90da504>] filemap_fdatawait_range+0x104/0x1d0
Sep  6 12:50:59 atmaweapon kernel: [<ffffffffa90da710>] filemap_write_and_wait_range+0xb0/0xf0
Sep  6 12:50:59 atmaweapon kernel: [<ffffffffa916d400>] blkdev_fsync+0x20/0x50
Sep  6 12:50:59 atmaweapon kernel: [<ffffffffa9166133>] vfs_fsync_range+0x43/0xb0
Sep  6 12:50:59 atmaweapon kernel: [<ffffffffa90a6006>] ? SyS_futex+0x76/0x170
Sep  6 12:50:59 atmaweapon kernel: [<ffffffffa91661b7>] vfs_fsync+0x17/0x20
Sep  6 12:50:59 atmaweapon kernel: [<ffffffffa91661f8>] do_fsync+0x38/0x70
Sep  6 12:50:59 atmaweapon kernel: [<ffffffffa916623e>] SyS_fdatasync+0xe/0x20
Sep  6 12:50:59 atmaweapon kernel: [<ffffffffa94e9e17>] system_call_fastpath+0x12/0x6a
Sep  6 12:52:59 atmaweapon kernel: INFO: task qemu-system-x86:29018 blocked for more than 120 seconds.
Sep  6 12:52:59 atmaweapon kernel:      Tainted: P           O    4.1.6 #5
Sep  6 12:52:59 atmaweapon kernel: "echo 0 > /proc/sys/kernel/hung_task_timeout_secs" disables this message.
Sep  6 12:52:59 atmaweapon kernel: qemu-system-x86 D ffff88029dd0fbd8     0 29018  12100 0x00000000
Sep  6 12:52:59 atmaweapon kernel: ffff88029dd0fbd8 ffff88016f5bf460 ffff88041c5f0850 ffff88029dd0fc18
Sep  6 12:52:59 atmaweapon kernel: ffff88029dd0c008 ffff88042ed548c0 7fffffffffffffff ffff88029dd0fd30
Sep  6 12:52:59 atmaweapon kernel: 0000000000000002 ffff88029dd0fbf8 ffffffffa94e6779 ffff88029dd0fc38
Sep  6 12:52:59 atmaweapon kernel: Call Trace:
Sep  6 12:52:59 atmaweapon kernel: [<ffffffffa94e6779>] schedule+0x39/0x90
Sep  6 12:52:59 atmaweapon kernel: [<ffffffffa94e90e5>] schedule_timeout+0x195/0x1e0
Sep  6 12:52:59 atmaweapon kernel: [<ffffffffa9099b2d>] ? ktime_get+0x4d/0xc0
Sep  6 12:52:59 atmaweapon kernel: [<ffffffffa94e5e7f>] io_schedule_timeout+0x9f/0x110
Sep  6 12:52:59 atmaweapon kernel: [<ffffffffa94e6f10>] ? bit_wait_io_timeout+0x70/0x70
Sep  6 12:52:59 atmaweapon kernel: [<ffffffffa94e6f41>] bit_wait_io+0x31/0x50
Sep  6 12:52:59 atmaweapon kernel: [<ffffffffa94e6d3d>] __wait_on_bit+0x5d/0x90
Sep  6 12:52:59 atmaweapon kernel: [<ffffffffa90d9f88>] wait_on_page_bit+0xb8/0xc0
Sep  6 12:52:59 atmaweapon kernel: [<ffffffffa907d4a0>] ? wake_atomic_t_function+0x40/0x40
Sep  6 12:52:59 atmaweapon kernel: [<ffffffffa90da504>] filemap_fdatawait_range+0x104/0x1d0
Sep  6 12:52:59 atmaweapon kernel: [<ffffffffa90da710>] filemap_write_and_wait_range+0xb0/0xf0
Sep  6 12:52:59 atmaweapon kernel: [<ffffffffa916d400>] blkdev_fsync+0x20/0x50
Sep  6 12:52:59 atmaweapon kernel: [<ffffffffa9166133>] vfs_fsync_range+0x43/0xb0
Sep  6 12:52:59 atmaweapon kernel: [<ffffffffa90a6006>] ? SyS_futex+0x76/0x170
Sep  6 12:52:59 atmaweapon kernel: [<ffffffffa91661b7>] vfs_fsync+0x17/0x20
Sep  6 12:52:59 atmaweapon kernel: [<ffffffffa91661f8>] do_fsync+0x38/0x70
Sep  6 12:52:59 atmaweapon kernel: [<ffffffffa916623e>] SyS_fdatasync+0xe/0x20
Sep  6 12:52:59 atmaweapon kernel: [<ffffffffa94e9e17>] system_call_fastpath+0x12/0x6a
Sep  6 12:54:59 atmaweapon kernel: INFO: task qemu-system-x86:29018 blocked for more than 120 seconds.
Sep  6 12:54:59 atmaweapon kernel:      Tainted: P           O    4.1.6 #5
Sep  6 12:54:59 atmaweapon kernel: "echo 0 > /proc/sys/kernel/hung_task_timeout_secs" disables this message.
Sep  6 12:54:59 atmaweapon kernel: qemu-system-x86 D ffff88029dd0fbd8     0 29018  12100 0x00000000
Sep  6 12:54:59 atmaweapon kernel: ffff88029dd0fbd8 ffff88016f5bf460 ffff88041c5f0850 ffff88029dd0fc18
Sep  6 12:54:59 atmaweapon kernel: ffff88029dd0c008 ffff88042ed548c0 7fffffffffffffff ffff88029dd0fd30
Sep  6 12:54:59 atmaweapon kernel: 0000000000000002 ffff88029dd0fbf8 ffffffffa94e6779 ffff88029dd0fc38
Sep  6 12:54:59 atmaweapon kernel: Call Trace:
Sep  6 12:54:59 atmaweapon kernel: [<ffffffffa94e6779>] schedule+0x39/0x90
Sep  6 12:54:59 atmaweapon kernel: [<ffffffffa94e90e5>] schedule_timeout+0x195/0x1e0
Sep  6 12:54:59 atmaweapon kernel: [<ffffffffa9099b2d>] ? ktime_get+0x4d/0xc0
Sep  6 12:54:59 atmaweapon kernel: [<ffffffffa94e5e7f>] io_schedule_timeout+0x9f/0x110
Sep  6 12:54:59 atmaweapon kernel: [<ffffffffa94e6f10>] ? bit_wait_io_timeout+0x70/0x70
Sep  6 12:54:59 atmaweapon kernel: [<ffffffffa94e6f41>] bit_wait_io+0x31/0x50
Sep  6 12:54:59 atmaweapon kernel: [<ffffffffa94e6d3d>] __wait_on_bit+0x5d/0x90
Sep  6 12:54:59 atmaweapon kernel: [<ffffffffa90d9f88>] wait_on_page_bit+0xb8/0xc0
Sep  6 12:54:59 atmaweapon kernel: [<ffffffffa907d4a0>] ? wake_atomic_t_function+0x40/0x40
Sep  6 12:54:59 atmaweapon kernel: [<ffffffffa90da504>] filemap_fdatawait_range+0x104/0x1d0
Sep  6 12:54:59 atmaweapon kernel: [<ffffffffa90da710>] filemap_write_and_wait_range+0xb0/0xf0
Sep  6 12:54:59 atmaweapon kernel: [<ffffffffa916d400>] blkdev_fsync+0x20/0x50
Sep  6 12:54:59 atmaweapon kernel: [<ffffffffa9166133>] vfs_fsync_range+0x43/0xb0
Sep  6 12:54:59 atmaweapon kernel: [<ffffffffa90a6006>] ? SyS_futex+0x76/0x170
Sep  6 12:54:59 atmaweapon kernel: [<ffffffffa91661b7>] vfs_fsync+0x17/0x20
Sep  6 12:54:59 atmaweapon kernel: [<ffffffffa91661f8>] do_fsync+0x38/0x70
Sep  6 12:54:59 atmaweapon kernel: [<ffffffffa916623e>] SyS_fdatasync+0xe/0x20
Sep  6 12:54:59 atmaweapon kernel: [<ffffffffa94e9e17>] system_call_fastpath+0x12/0x6a
Sep  6 12:56:20 atmaweapon kernel: sysrq: SysRq : Show Blocked State
Sep  6 12:56:20 atmaweapon kernel: zvol            D ffff88041522fb38     0  3524      2 0x00000000
Sep  6 12:56:20 atmaweapon kernel: ffff88041522c008 ffff88041882a220 ffff88041522fb68 ffff88041882a370
Sep  6 12:56:20 atmaweapon kernel: Call Trace:
Sep  6 12:56:20 atmaweapon kernel: [<ffffffffc02a9cd5>] cv_wait_common+0xf5/0x130 [spl]
Sep  6 12:56:20 atmaweapon kernel: [<ffffffffc02a9d60>] __cv_wait+0x10/0x20 [spl]
Sep  6 12:56:20 atmaweapon kernel: [<ffffffffa9099cba>] ? getrawmonotonic64+0x3a/0xd0
Sep  6 12:56:20 atmaweapon kernel: [<ffffffffc031e75e>] ? dsl_dir_tempreserve_space+0xbe/0x180 [zfs]
Sep  6 12:56:20 atmaweapon kernel: [<ffffffffc0309049>] dmu_tx_assign+0x99/0x520 [zfs]
Sep  6 12:56:20 atmaweapon kernel: [<ffffffffa94e617b>] ? __schedule+0x28b/0x790
Sep  6 12:56:20 atmaweapon kernel: [<ffffffffa906c0a0>] ? try_to_wake_up+0x2d0/0x2d0
Sep  6 12:56:20 atmaweapon kernel: [<ffffffffc02a5ee0>] ? taskq_dispatch+0x160/0x160 [spl]
Sep  6 12:56:20 atmaweapon kernel: [<ffffffffa9062670>] ? kthread_freezable_should_stop+0x70/0x70
Sep  6 12:56:20 atmaweapon kernel: [<ffffffffa9062670>] ? kthread_freezable_should_stop+0x70/0x70
Sep  6 12:56:20 atmaweapon kernel: ffff8800c7a53aa8 ffff880414d5c280 ffff88041c5f0850 0000000000000000
Sep  6 12:56:20 atmaweapon kernel: 0000000000000001 ffff8800c7a53ac8 ffffffffa94e6779 ffff8800c7a53b08
Sep  6 12:56:20 atmaweapon kernel: [<ffffffffa94e6779>] schedule+0x39/0x90
Sep  6 12:56:20 atmaweapon kernel: [<ffffffffa9099b2d>] ? ktime_get+0x4d/0xc0
Sep  6 12:56:20 atmaweapon kernel: [<ffffffffc02a9c89>] cv_wait_common+0xa9/0x130 [spl]
Sep  6 12:56:20 atmaweapon kernel: [<ffffffffc02a9d23>] __cv_wait_io+0x13/0x20 [spl]
Sep  6 12:56:20 atmaweapon kernel: [<ffffffffc0356dd7>] vdev_config_sync+0x107/0x160 [zfs]
Sep  6 12:56:20 atmaweapon kernel: [<ffffffffc02a2b16>] ? spl_kmem_free+0x26/0x40 [spl]
Sep  6 12:56:20 atmaweapon kernel: [<ffffffffa9099cba>] ? getrawmonotonic64+0x3a/0xd0
Sep  6 12:56:20 atmaweapon kernel: [<ffffffffa906e4d5>] ? sched_clock_cpu+0x95/0xc0
Sep  6 12:56:20 atmaweapon kernel: [<ffffffffc02a52e0>] ? __thread_create+0x150/0x150 [spl]
Sep  6 12:56:20 atmaweapon kernel: [<ffffffffc02a5353>] thread_generic_wrapper+0x73/0x90 [spl]
Sep  6 12:56:20 atmaweapon kernel: [<ffffffffa906273e>] kthread+0xce/0xf0
Sep  6 12:56:20 atmaweapon kernel: [<ffffffffa94ea1d2>] ret_from_fork+0x42/0x70
Sep  6 12:56:20 atmaweapon kernel: qemu-system-x86 D ffff88029dd0fbd8     0 29018  12100 0x00000000
Sep  6 12:56:20 atmaweapon kernel: ffff88029dd0c008 ffff88042ed548c0 7fffffffffffffff ffff88029dd0fd30
Sep  6 12:56:20 atmaweapon kernel: Call Trace:
Sep  6 12:56:20 atmaweapon kernel: [<ffffffffa94e90e5>] schedule_timeout+0x195/0x1e0
Sep  6 12:56:20 atmaweapon kernel: [<ffffffffa94e5e7f>] io_schedule_timeout+0x9f/0x110
Sep  6 12:56:20 atmaweapon kernel: [<ffffffffa94e6f41>] bit_wait_io+0x31/0x50
Sep  6 12:56:20 atmaweapon kernel: [<ffffffffa90d9f88>] wait_on_page_bit+0xb8/0xc0
Sep  6 12:56:20 atmaweapon kernel: [<ffffffffa90da504>] filemap_fdatawait_range+0x104/0x1d0
Sep  6 12:56:20 atmaweapon kernel: [<ffffffffa916d400>] blkdev_fsync+0x20/0x50
Sep  6 12:56:20 atmaweapon kernel: [<ffffffffa90a6006>] ? SyS_futex+0x76/0x170
Sep  6 12:56:20 atmaweapon kernel: [<ffffffffa91661f8>] do_fsync+0x38/0x70
Sep  6 12:56:20 atmaweapon kernel: [<ffffffffa94e9e17>] system_call_fastpath+0x12/0x6a
Sep  6 12:56:20 atmaweapon kernel: ffff88002ff07b38 ffff880337c5a140 ffff88041c587460 ffff88002ff07b78
Sep  6 12:56:20 atmaweapon kernel: ffffffffa94e6f10 ffff88002ff07b58 ffffffffa94e6779 0000000000a893c3
Sep  6 12:56:20 atmaweapon kernel: [<ffffffffa94e6f10>] ? bit_wait_io_timeout+0x70/0x70
Sep  6 12:56:20 atmaweapon kernel: [<ffffffffa94e90e5>] schedule_timeout+0x195/0x1e0
Sep  6 12:56:20 atmaweapon kernel: [<ffffffffa94e6f10>] ? bit_wait_io_timeout+0x70/0x70
Sep  6 12:56:20 atmaweapon kernel: [<ffffffffa94e6f41>] bit_wait_io+0x31/0x50
Sep  6 12:56:20 atmaweapon kernel: [<ffffffffa92729f3>] ? radix_tree_lookup_slot+0x13/0x30
Sep  6 12:56:20 atmaweapon kernel: [<ffffffffa907d4a0>] ? wake_atomic_t_function+0x40/0x40
Sep  6 12:56:20 atmaweapon kernel: [<ffffffffa916c952>] blkdev_read_iter+0x32/0x40
Sep  6 12:56:20 atmaweapon kernel: [<ffffffffa916c920>] ? bdput+0x10/0x10
Sep  6 12:56:20 atmaweapon kernel: [<ffffffffa913bcee>] vfs_readv+0x3e/0x40
Sep  6 12:56:20 atmaweapon kernel: [<ffffffffa90d8a8a>] ? fire_user_return_notifiers+0x3a/0x50
Sep  6 12:56:20 atmaweapon kernel: qemu-system-x86 D ffff88002af53b38     0 30287  12100 0x00000000
Sep  6 12:56:20 atmaweapon kernel: ffff88002af50008 ffff88042ed548c0 7fffffffffffffff 0000000000000082
Sep  6 12:56:20 atmaweapon kernel: Call Trace:
Sep  6 12:56:20 atmaweapon kernel: [<ffffffffa94e6779>] schedule+0x39/0x90
Sep  6 12:56:20 atmaweapon kernel: [<ffffffffa9099b2d>] ? ktime_get+0x4d/0xc0
Sep  6 12:56:20 atmaweapon kernel: [<ffffffffa94e5e7f>] io_schedule_timeout+0x9f/0x110
Sep  6 12:56:20 atmaweapon kernel: [<ffffffffa94e6b3e>] __wait_on_bit_lock+0x6e/0xb0
Sep  6 12:56:20 atmaweapon kernel: [<ffffffffa90d9a7f>] __lock_page_killable+0x9f/0xb0
Sep  6 12:56:20 atmaweapon kernel: [<ffffffffa90dc100>] generic_file_read_iter+0x430/0x600
Sep  6 12:56:20 atmaweapon kernel: [<ffffffffa916c952>] blkdev_read_iter+0x32/0x40
Sep  6 12:56:20 atmaweapon kernel: [<ffffffffa916c920>] ? bdput+0x10/0x10
Sep  6 12:56:20 atmaweapon kernel: [<ffffffffa94e6779>] ? schedule+0x39/0x90
Sep  6 12:56:20 atmaweapon kernel: [<ffffffffa913bdb2>] SyS_preadv+0xc2/0xd0
Sep  6 12:56:20 atmaweapon kernel: qemu-system-x86 D ffff880017807b38     0 30371  12100 0x00000000
Sep  6 12:56:20 atmaweapon kernel: ffff880017804008 ffff88042ed148c0 7fffffffffffffff 0000000000000082
Sep  6 12:56:20 atmaweapon kernel: Call Trace:
Sep  6 12:56:20 atmaweapon kernel: [<ffffffffa94e6779>] schedule+0x39/0x90
Sep  6 12:56:20 atmaweapon kernel: [<ffffffffa9099b2d>] ? ktime_get+0x4d/0xc0
Sep  6 12:56:20 atmaweapon kernel: [<ffffffffa94e5e7f>] io_schedule_timeout+0x9f/0x110
Sep  6 12:56:20 atmaweapon kernel: [<ffffffffa94e6b3e>] __wait_on_bit_lock+0x6e/0xb0
Sep  6 12:56:20 atmaweapon kernel: [<ffffffffa90d9a7f>] __lock_page_killable+0x9f/0xb0
Sep  6 12:56:20 atmaweapon kernel: [<ffffffffa90dc100>] generic_file_read_iter+0x430/0x600
Sep  6 12:56:20 atmaweapon kernel: [<ffffffffa9139eba>] do_iter_readv_writev+0x5a/0x80
Sep  6 12:56:20 atmaweapon kernel: [<ffffffffa94e9e17>] system_call_fastpath+0x12/0x6a
Sep  6 12:56:20 atmaweapon kernel: qemu-system-x86 D ffff88002af17bc8     0 30449  12100 0x00000000
Sep  6 12:56:20 atmaweapon kernel: ffff88002af17bc8 ffff880242cb18f0 ffff88041c5f18f0 0000000000000001
Sep  6 12:56:20 atmaweapon kernel: ffff88002af14008 ffff88042edd48c0 7fffffffffffffff 0000000000000082
Sep  6 12:56:20 atmaweapon kernel: ffffffffa94e6f10 ffff88002af17be8 ffffffffa94e6779 fffffffc00000000
Sep  6 12:56:20 atmaweapon kernel: Call Trace:
Sep  6 12:56:20 atmaweapon kernel: [<ffffffffa94e6f10>] ? bit_wait_io_timeout+0x70/0x70
Sep  6 12:56:20 atmaweapon kernel: [<ffffffffa94e6779>] schedule+0x39/0x90
Sep  6 12:56:20 atmaweapon kernel: [<ffffffffa94e90e5>] schedule_timeout+0x195/0x1e0
Sep  6 12:56:20 atmaweapon kernel: [<ffffffffa9099b2d>] ? ktime_get+0x4d/0xc0
Sep  6 12:56:20 atmaweapon kernel: [<ffffffffa94e6f10>] ? bit_wait_io_timeout+0x70/0x70
Sep  6 12:56:20 atmaweapon kernel: [<ffffffffa94e5e7f>] io_schedule_timeout+0x9f/0x110
Sep  6 12:56:20 atmaweapon kernel: [<ffffffffa94e6f41>] bit_wait_io+0x31/0x50
Sep  6 12:56:20 atmaweapon kernel: [<ffffffffa94e6b3e>] __wait_on_bit_lock+0x6e/0xb0
Sep  6 12:56:20 atmaweapon kernel: [<ffffffffa92729f3>] ? radix_tree_lookup_slot+0x13/0x30
Sep  6 12:56:20 atmaweapon kernel: [<ffffffffa90d9a7f>] __lock_page_killable+0x9f/0xb0
Sep  6 12:56:20 atmaweapon kernel: [<ffffffffa907d4a0>] ? wake_atomic_t_function+0x40/0x40
Sep  6 12:56:20 atmaweapon kernel: [<ffffffffa90dc100>] generic_file_read_iter+0x430/0x600
Sep  6 12:56:20 atmaweapon kernel: [<ffffffffa906a28b>] ? sched_move_task+0xfb/0x1d0
Sep  6 12:56:20 atmaweapon kernel: [<ffffffffa907256e>] ? update_rq_runnable_avg+0xee/0x230
Sep  6 12:56:20 atmaweapon kernel: [<ffffffffa916c952>] blkdev_read_iter+0x32/0x40
Sep  6 12:56:20 atmaweapon kernel: [<ffffffffa913a4ba>] __vfs_read+0xca/0xf0
Sep  6 12:56:20 atmaweapon kernel: [<ffffffffa90522c2>] ? __set_task_blocked+0x32/0x80
Sep  6 12:56:20 atmaweapon kernel: [<ffffffffa913a748>] vfs_read+0x98/0xe0
Sep  6 12:56:20 atmaweapon kernel: [<ffffffffa90523ba>] ? sigprocmask+0x4a/0x80
Sep  6 12:56:20 atmaweapon kernel: [<ffffffffa913a81c>] SyS_pread64+0x8c/0x90
Sep  6 12:56:20 atmaweapon kernel: [<ffffffffa94e9e17>] system_call_fastpath+0x12/0x6a
Sep  6 12:56:20 atmaweapon kernel: qemu-system-x86 D ffff88002af33bc8     0 30450  12100 0x00000000
Sep  6 12:56:20 atmaweapon kernel: ffff88002af33bc8 ffff880315be18f0 ffffffffa9813480 0000000000000001
Sep  6 12:56:20 atmaweapon kernel: ffff88002af30008 ffff88042ec148c0 7fffffffffffffff 0000000000000082
Sep  6 12:56:20 atmaweapon kernel: ffffffffa94e6f10 ffff88002af33be8 ffffffffa94e6779 fffffffc00000000
Sep  6 12:56:20 atmaweapon kernel: Call Trace:
Sep  6 12:56:20 atmaweapon kernel: [<ffffffffa94e6f10>] ? bit_wait_io_timeout+0x70/0x70
Sep  6 12:56:20 atmaweapon kernel: [<ffffffffa94e6779>] schedule+0x39/0x90
Sep  6 12:56:20 atmaweapon kernel: [<ffffffffa94e90e5>] schedule_timeout+0x195/0x1e0
Sep  6 12:56:20 atmaweapon kernel: [<ffffffffa9099b2d>] ? ktime_get+0x4d/0xc0
Sep  6 12:56:20 atmaweapon kernel: [<ffffffffa94e6f10>] ? bit_wait_io_timeout+0x70/0x70
Sep  6 12:56:20 atmaweapon kernel: [<ffffffffa94e5e7f>] io_schedule_timeout+0x9f/0x110
Sep  6 12:56:20 atmaweapon kernel: [<ffffffffa94e6f41>] bit_wait_io+0x31/0x50
Sep  6 12:56:20 atmaweapon kernel: [<ffffffffa94e6b3e>] __wait_on_bit_lock+0x6e/0xb0
Sep  6 12:56:20 atmaweapon kernel: [<ffffffffa92729f3>] ? radix_tree_lookup_slot+0x13/0x30
Sep  6 12:56:20 atmaweapon kernel: [<ffffffffa90d9a7f>] __lock_page_killable+0x9f/0xb0
Sep  6 12:56:20 atmaweapon kernel: [<ffffffffa907d4a0>] ? wake_atomic_t_function+0x40/0x40
Sep  6 12:56:20 atmaweapon kernel: [<ffffffffa90dc100>] generic_file_read_iter+0x430/0x600
Sep  6 12:56:20 atmaweapon kernel: [<ffffffffa906a28b>] ? sched_move_task+0xfb/0x1d0
Sep  6 12:56:20 atmaweapon kernel: [<ffffffffa907256e>] ? update_rq_runnable_avg+0xee/0x230
Sep  6 12:56:20 atmaweapon kernel: [<ffffffffa916c952>] blkdev_read_iter+0x32/0x40
Sep  6 12:56:20 atmaweapon kernel: [<ffffffffa913a4ba>] __vfs_read+0xca/0xf0
Sep  6 12:56:20 atmaweapon kernel: [<ffffffffa90522c2>] ? __set_task_blocked+0x32/0x80
Sep  6 12:56:20 atmaweapon kernel: [<ffffffffa913a748>] vfs_read+0x98/0xe0
Sep  6 12:56:20 atmaweapon kernel: [<ffffffffa90523ba>] ? sigprocmask+0x4a/0x80
Sep  6 12:56:20 atmaweapon kernel: [<ffffffffa913a81c>] SyS_pread64+0x8c/0x90
Sep  6 12:56:20 atmaweapon kernel: [<ffffffffa94e9e17>] system_call_fastpath+0x12/0x6a
Sep  6 12:56:20 atmaweapon kernel: qemu-system-x86 D ffff88002ae87bc8     0 30451  12100 0x00000000
Sep  6 12:56:20 atmaweapon kernel: ffff88002ae87bc8 ffff8803de6ee3c0 ffff88041c5863c0 ffff88002ae87b98
Sep  6 12:56:20 atmaweapon kernel: ffff88002ae84008 ffff88042ec548c0 7fffffffffffffff 0000000000000082
Sep  6 12:56:20 atmaweapon kernel: ffffffffa94e6f10 ffff88002ae87be8 ffffffffa94e6779 ffff88002ae87bf8
Sep  6 12:56:20 atmaweapon kernel: Call Trace:
Sep  6 12:56:20 atmaweapon kernel: [<ffffffffa94e6f10>] ? bit_wait_io_timeout+0x70/0x70
Sep  6 12:56:20 atmaweapon kernel: [<ffffffffa94e6779>] schedule+0x39/0x90
Sep  6 12:56:20 atmaweapon kernel: [<ffffffffa94e90e5>] schedule_timeout+0x195/0x1e0
Sep  6 12:56:20 atmaweapon kernel: [<ffffffffa90e5e68>] ? __do_page_cache_readahead+0x1b8/0x240
Sep  6 12:56:20 atmaweapon kernel: [<ffffffffa9099b2d>] ? ktime_get+0x4d/0xc0
Sep  6 12:56:20 atmaweapon kernel: [<ffffffffa94e6f10>] ? bit_wait_io_timeout+0x70/0x70
Sep  6 12:56:20 atmaweapon kernel: [<ffffffffa94e5e7f>] io_schedule_timeout+0x9f/0x110
Sep  6 12:56:20 atmaweapon kernel: [<ffffffffa94e6f41>] bit_wait_io+0x31/0x50
Sep  6 12:56:20 atmaweapon kernel: [<ffffffffa94e6b3e>] __wait_on_bit_lock+0x6e/0xb0
Sep  6 12:56:20 atmaweapon kernel: [<ffffffffa90e604f>] ? ondemand_readahead+0x15f/0x270
Sep  6 12:56:20 atmaweapon kernel: [<ffffffffa90d9a7f>] __lock_page_killable+0x9f/0xb0
Sep  6 12:56:20 atmaweapon kernel: [<ffffffffa907d4a0>] ? wake_atomic_t_function+0x40/0x40
Sep  6 12:56:20 atmaweapon kernel: [<ffffffffa90dc100>] generic_file_read_iter+0x430/0x600
Sep  6 12:56:20 atmaweapon kernel: [<ffffffffa906a28b>] ? sched_move_task+0xfb/0x1d0
Sep  6 12:56:20 atmaweapon kernel: [<ffffffffa907256e>] ? update_rq_runnable_avg+0xee/0x230
Sep  6 12:56:20 atmaweapon kernel: [<ffffffffa916c952>] blkdev_read_iter+0x32/0x40
Sep  6 12:56:59 atmaweapon kernel: INFO: task qemu-system-x86:29018 blocked for more than 120 seconds.
Sep  6 12:56:59 atmaweapon kernel:      Tainted: P           O    4.1.6 #5
Sep  6 12:56:59 atmaweapon kernel: "echo 0 > /proc/sys/kernel/hung_task_timeout_secs" disables this message.
Sep  6 12:56:59 atmaweapon kernel: ffff88029dd0fbd8 ffff88016f5bf460 ffff88041c5f0850 ffff88029dd0fc18
Sep  6 12:56:59 atmaweapon kernel: ffff88029dd0c008 ffff88042ed548c0 7fffffffffffffff ffff88029dd0fd30
Sep  6 12:56:59 atmaweapon kernel: Call Trace:
Sep  6 12:56:59 atmaweapon kernel: [<ffffffffa94e90e5>] schedule_timeout+0x195/0x1e0
Sep  6 12:56:59 atmaweapon kernel: [<ffffffffa94e5e7f>] io_schedule_timeout+0x9f/0x110
Sep  6 12:56:59 atmaweapon kernel: [<ffffffffa94e6f41>] bit_wait_io+0x31/0x50
Sep  6 12:56:59 atmaweapon kernel: [<ffffffffa90d9f88>] wait_on_page_bit+0xb8/0xc0
Sep  6 12:56:59 atmaweapon kernel: [<ffffffffa90da504>] filemap_fdatawait_range+0x104/0x1d0
Sep  6 12:56:59 atmaweapon kernel: [<ffffffffa916d400>] blkdev_fsync+0x20/0x50
Sep  6 12:56:59 atmaweapon kernel: [<ffffffffa90a6006>] ? SyS_futex+0x76/0x170
Sep  6 12:56:59 atmaweapon kernel: [<ffffffffa91661f8>] do_fsync+0x38/0x70
Sep  6 12:56:59 atmaweapon kernel: [<ffffffffa94e9e17>] system_call_fastpath+0x12/0x6a
Sep  6 12:57:37 atmaweapon kernel: sysrq: SysRq : Show backtrace of all active CPUs
Sep  6 12:57:37 atmaweapon kernel: sending NMI to all CPUs:
Sep  6 12:57:37 atmaweapon kernel: CPU: 0 PID: 13461 Comm: bash Tainted: P           O    4.1.6 #5
Sep  6 12:57:37 atmaweapon kernel: task: ffff880410452140 ti: ffff8801f2d74000 task.ti: ffff8801f2d74000
Sep  6 12:57:37 atmaweapon kernel: RSP: 0018:ffff8801f2d77d40  EFLAGS: 00000a03
Sep  6 12:57:37 atmaweapon kernel: RDX: 00000000003d0829 RSI: 0000000000000002 RDI: 00000000003d082a
Sep  6 12:57:37 atmaweapon kernel: R10: 0000000000000006 R11: 0000000000000997 R12: 0000000000000001
Sep  6 12:57:37 atmaweapon kernel: FS:  00007f75a8717700(0000) GS:ffff88042ec00000(0000) knlGS:0000000000000000
Sep  6 12:57:37 atmaweapon kernel: CR2: 000000000260c330 CR3: 0000000178911000 CR4: 00000000001426f0
Sep  6 12:57:37 atmaweapon kernel: ffffffffa927a457 ffff8801f2d77d98 ffffffffa9032d3c ffff880100000010
Sep  6 12:57:37 atmaweapon kernel: 0000000000000001 0000000000000000 fffffffffffffff7 ffff8801f2d77da8
Sep  6 12:57:37 atmaweapon kernel: [<ffffffffa927a457>] ? __const_udelay+0x27/0x30
Sep  6 12:57:37 atmaweapon kernel: [<ffffffffa92fd09e>] sysrq_handle_showallcpus+0xe/0x10
Sep  6 12:57:37 atmaweapon kernel: [<ffffffffa92fd48d>] write_sysrq_trigger+0x3d/0x40
Sep  6 12:57:37 atmaweapon kernel: [<ffffffffa913a32f>] __vfs_write+0x2f/0xf0
Sep  6 12:57:37 atmaweapon kernel: [<ffffffffa9281e60>] ? find_next_zero_bit+0x10/0x20
Sep  6 12:57:37 atmaweapon kernel: [<ffffffffa913a63b>] vfs_write+0xab/0x120
Sep  6 12:57:37 atmaweapon kernel: [<ffffffffa94e9e17>] system_call_fastpath+0x12/0x6a
Sep  6 12:57:37 atmaweapon kernel: NMI backtrace for cpu 1
Sep  6 12:57:37 atmaweapon kernel: Hardware name: ASUS All Series/Z97-A, BIOS 1304 07/11/2014
Sep  6 12:57:37 atmaweapon kernel: RIP: 0010:[<ffffffffa900d195>]  [<ffffffffa900d195>] mwait_idle+0x65/0x90
Sep  6 12:57:37 atmaweapon kernel: RAX: 0000000000000000 RBX: ffff88041c5e4008 RCX: 0000000000000000
Sep  6 12:57:37 atmaweapon kernel: RBP: ffff88041c5e7e88 R08: 0000000000000000 R09: 000000013756884a
Sep  6 12:57:37 atmaweapon kernel: R13: ffffffffa9871650 R14: ffff88041c5e4008 R15: 0000000000000000
Sep  6 12:57:37 atmaweapon kernel: CS:  0010 DS: 0000 ES: 0000 CR0: 0000000080050033
Sep  6 12:57:37 atmaweapon kernel: Stack:
Sep  6 12:57:37 atmaweapon kernel: 000000001dcd6500 ffff88041c5e4000 ffff88041c5e4000 ffff88041c5e4008
Sep  6 12:57:37 atmaweapon kernel: Call Trace:
Sep  6 12:57:37 atmaweapon kernel: [<ffffffffa907dfbe>] cpu_startup_entry+0x1de/0x300
Sep  6 12:57:37 atmaweapon kernel: Code: 75 44 65 48 8b 34 25 44 1e 01 00 31 d2 48 8d 86 08 c0 ff ff 48 89 d1 0f 01 c8 48 8b 86 08 c0 ff ff a8 08 75 2d 31 c0 fb 0f 01 c9 <65> 48 8b 04 25 44 1e 01 00 48 2d 00 40 00 00 f0 80 60 0a df c9 
Sep  6 12:57:37 atmaweapon kernel: CPU: 2 PID: 9404 Comm: txg_quiesce Tainted: P           O    4.1.6 #5
Sep  6 12:57:37 atmaweapon kernel: task: ffff880418cfa140 ti: ffff8800c7a3c000 task.ti: ffff8800c7a3c000
Sep  6 12:57:37 atmaweapon kernel: RSP: 0018:ffff8800c7a3fd78  EFLAGS: 00000202
Sep  6 12:57:37 atmaweapon kernel: RDX: ffff880414616000 RSI: 0000000005bb9ea3 RDI: ffff8804146168e0
Sep  6 12:57:37 atmaweapon kernel: R10: 0000000000000000 R11: 0000000000000001 R12: ffffffffa9871648
Sep  6 12:57:37 atmaweapon kernel: FS:  0000000000000000(0000) GS:ffff88042ec80000(0000) knlGS:0000000000000000
Sep  6 12:57:37 atmaweapon kernel: CR2: 00007f2716e3aa08 CR3: 0000000156a2e000 CR4: 00000000001426e0
Sep  6 12:57:37 atmaweapon kernel: ffff8800c7a3fe78 ffffffffc034db51 00000000000003ff ffff880418cfa1a8
Sep  6 12:57:37 atmaweapon kernel: ffff88041882a218 ffff880418cfa140 ffff88041882a290 ffff88041882a368
Sep  6 12:57:37 atmaweapon kernel: [<ffffffffc034db51>] txg_quiesce_thread+0x221/0x470 [zfs]
Sep  6 12:57:37 atmaweapon kernel: [<ffffffffc02a52e0>] ? __thread_create+0x150/0x150 [spl]
Sep  6 12:57:37 atmaweapon kernel: [<ffffffffc02a52e0>] ? __thread_create+0x150/0x150 [spl]
Sep  6 12:57:37 atmaweapon kernel: [<ffffffffa9062670>] ? kthread_freezable_should_stop+0x70/0x70
Sep  6 12:57:37 atmaweapon kernel: [<ffffffffa9062670>] ? kthread_freezable_should_stop+0x70/0x70
Sep  6 12:57:37 atmaweapon kernel: NMI backtrace for cpu 3
Sep  6 12:57:37 atmaweapon kernel: Hardware name: ASUS All Series/Z97-A, BIOS 1304 07/11/2014
Sep  6 12:57:37 atmaweapon kernel: RIP: 0010:[<ffffffffa90725d6>]  [<ffffffffa90725d6>] update_rq_runnable_avg+0x156/0x230
Sep  6 12:57:37 atmaweapon kernel: RAX: 00000000000002ee RBX: ffff88042ecd48c0 RCX: ffffffffa99807e0
Sep  6 12:57:37 atmaweapon kernel: RBP: ffff8800c7a539b8 R08: 000000000000b482 R09: 0000000000000000
Sep  6 12:57:37 atmaweapon kernel: R13: ffff88042ecd4928 R14: 0000000000000001 R15: 0000000000000001
Sep  6 12:57:37 atmaweapon kernel: CS:  0010 DS: 0000 ES: 0000 CR0: 0000000080050033
Sep  6 12:57:37 atmaweapon kernel: Stack:
Sep  6 12:57:37 atmaweapon kernel: ffffffffa907549d ffff8800c7a539e8 ffffffffa906e4d5 ffff88042ecd48c0
Sep  6 12:57:37 atmaweapon kernel: Call Trace:
Sep  6 12:57:37 atmaweapon kernel: [<ffffffffa906e4d5>] ? sched_clock_cpu+0x95/0xc0
Sep  6 12:57:37 atmaweapon kernel: [<ffffffffa9066e6d>] deactivate_task+0x1d/0x20
Sep  6 12:57:37 atmaweapon kernel: [<ffffffffa94e6779>] schedule+0x39/0x90
Sep  6 12:57:37 atmaweapon kernel: [<ffffffffa9099b2d>] ? ktime_get+0x4d/0xc0
Sep  6 12:57:37 atmaweapon kernel: [<ffffffffc02a9c89>] cv_wait_common+0xa9/0x130 [spl]
Sep  6 12:57:37 atmaweapon kernel: [<ffffffffc02a9d23>] __cv_wait_io+0x13/0x20 [spl]
Sep  6 12:57:37 atmaweapon kernel: [<ffffffffc0321cb9>] dsl_pool_sync+0xa9/0x450 [zfs]
Sep  6 12:57:37 atmaweapon kernel: [<ffffffffa907d319>] ? __wake_up_common+0x59/0x90
Sep  6 12:57:37 atmaweapon kernel: [<ffffffffa9099cba>] ? getrawmonotonic64+0x3a/0xd0
Sep  6 12:57:37 atmaweapon kernel: [<ffffffffa906e4d5>] ? sched_clock_cpu+0x95/0xc0
Sep  6 12:57:37 atmaweapon kernel: [<ffffffffc02a52e0>] ? __thread_create+0x150/0x150 [spl]
Sep  6 12:57:37 atmaweapon kernel: [<ffffffffc02a52e0>] ? __thread_create+0x150/0x150 [spl]
Sep  6 12:57:37 atmaweapon kernel: [<ffffffffa9062670>] ? kthread_freezable_should_stop+0x70/0x70
Sep  6 12:57:37 atmaweapon kernel: [<ffffffffa9062670>] ? kthread_freezable_should_stop+0x70/0x70
Sep  6 12:58:59 atmaweapon kernel: INFO: task qemu-system-x86:29018 blocked for more than 120 seconds.
Sep  6 12:58:59 atmaweapon kernel:      Tainted: P           O    4.1.6 #5
Sep  6 12:58:59 atmaweapon kernel: "echo 0 > /proc/sys/kernel/hung_task_timeout_secs" disables this message.
Sep  6 12:58:59 atmaweapon kernel: qemu-system-x86 D ffff88029dd0fbd8     0 29018  12100 0x00000000
Sep  6 12:58:59 atmaweapon kernel: ffff88029dd0c008 ffff88042ed548c0 7fffffffffffffff ffff88029dd0fd30
Sep  6 12:58:59 atmaweapon kernel: 0000000000000002 ffff88029dd0fbf8 ffffffffa94e6779 ffff88029dd0fc38
Sep  6 12:58:59 atmaweapon kernel: [<ffffffffa94e6779>] schedule+0x39/0x90
Sep  6 12:58:59 atmaweapon kernel: [<ffffffffa9099b2d>] ? ktime_get+0x4d/0xc0
Sep  6 12:58:59 atmaweapon kernel: [<ffffffffa94e6f10>] ? bit_wait_io_timeout+0x70/0x70
Sep  6 12:58:59 atmaweapon kernel: [<ffffffffa94e6d3d>] __wait_on_bit+0x5d/0x90
Sep  6 12:58:59 atmaweapon kernel: [<ffffffffa907d4a0>] ? wake_atomic_t_function+0x40/0x40
Sep  6 12:58:59 atmaweapon kernel: [<ffffffffa90da710>] filemap_write_and_wait_range+0xb0/0xf0
Sep  6 12:58:59 atmaweapon kernel: [<ffffffffa9166133>] vfs_fsync_range+0x43/0xb0
Sep  6 12:58:59 atmaweapon kernel: [<ffffffffa91661b7>] vfs_fsync+0x17/0x20
Sep  6 12:58:59 atmaweapon kernel: [<ffffffffa91661f8>] do_fsync+0x38/0x70
Sep  6 12:58:59 atmaweapon kernel: [<ffffffffa94e9e17>] system_call_fastpath+0x12/0x6a
Sep  6 13:00:59 atmaweapon kernel:      Tainted: P           O    4.1.6 #5
Sep  6 13:00:59 atmaweapon kernel: ffff88029dd0fbd8 ffff88016f5bf460 ffff88041c5f0850 ffff88029dd0fc18
Sep  6 13:00:59 atmaweapon kernel: 0000000000000002 ffff88029dd0fbf8 ffffffffa94e6779 ffff88029dd0fc38
Sep  6 13:00:59 atmaweapon kernel: [<ffffffffa94e6779>] schedule+0x39/0x90
Sep  6 13:00:59 atmaweapon kernel: [<ffffffffa9099b2d>] ? ktime_get+0x4d/0xc0
Sep  6 13:00:59 atmaweapon kernel: [<ffffffffa94e6f10>] ? bit_wait_io_timeout+0x70/0x70
Sep  6 13:00:59 atmaweapon kernel: [<ffffffffa94e6d3d>] __wait_on_bit+0x5d/0x90
Sep  6 13:00:59 atmaweapon kernel: [<ffffffffa907d4a0>] ? wake_atomic_t_function+0x40/0x40
Sep  6 13:00:59 atmaweapon kernel: [<ffffffffa90da710>] filemap_write_and_wait_range+0xb0/0xf0
Sep  6 13:00:59 atmaweapon kernel: [<ffffffffa9166133>] vfs_fsync_range+0x43/0xb0
Sep  6 13:00:59 atmaweapon kernel: [<ffffffffa91661b7>] vfs_fsync+0x17/0x20
Sep  6 13:00:59 atmaweapon kernel: [<ffffffffa916623e>] SyS_fdatasync+0xe/0x20
Sep  6 13:01:57 atmaweapon kernel: ffff88017c1f8de0 0000000000002000 0000000004000000 000000005818a000
Sep  6 13:01:57 atmaweapon kernel: [<ffffffffc02facc4>] dmu_buf_hold_array_by_dnode+0x94/0x490 [zfs]
Sep  6 13:01:57 atmaweapon kernel: [<ffffffffc03a31a7>] zvol_write+0x117/0x450 [zfs]
Sep  6 13:01:57 atmaweapon kernel: [<ffffffffa906c0a0>] ? try_to_wake_up+0x2d0/0x2d0
Sep  6 13:01:57 atmaweapon kernel: [<ffffffffa906273e>] kthread+0xce/0xf0
Sep  6 13:01:57 atmaweapon kernel: [<ffffffffa94ea1d2>] ret_from_fork+0x42/0x70
Sep  6 13:02:00 atmaweapon kernel: 0000000000001000 ffff88041522fbe8 ffffffffc02a2c44 ffffffffc03abe90
Sep  6 13:02:00 atmaweapon kernel: [<ffffffffa94e5dc6>] dump_stack+0x48/0x5a
Sep  6 13:02:00 atmaweapon kernel: [<ffffffffc02facc4>] dmu_buf_hold_array_by_dnode+0x94/0x490 [zfs]
Sep  6 13:02:00 atmaweapon kernel: [<ffffffffc034cf35>] ? txg_rele_to_quiesce+0x25/0x30 [zfs]
Sep  6 13:02:00 atmaweapon kernel: [<ffffffffc03a31a7>] zvol_write+0x117/0x450 [zfs]
Sep  6 13:02:00 atmaweapon kernel: [<ffffffffa906c0a0>] ? try_to_wake_up+0x2d0/0x2d0
Sep  6 13:02:00 atmaweapon kernel: [<ffffffffc02a5ee0>] ? taskq_dispatch+0x160/0x160 [spl]
Sep  6 13:02:00 atmaweapon kernel: [<ffffffffa9062670>] ? kthread_freezable_should_stop+0x70/0x70
Sep  6 13:02:00 atmaweapon kernel: [<ffffffffa9062670>] ? kthread_freezable_should_stop+0x70/0x70
Sep  6 13:02:00 atmaweapon kernel: CPU: 2 PID: 3524 Comm: zvol Tainted: P           O    4.1.6 #5
Sep  6 13:02:00 atmaweapon kernel: 0000000000001000 ffff88041522fbe8 ffffffffc02a2c44 ffffffffc03abe90
Sep  6 13:02:00 atmaweapon kernel: Call Trace:
Sep  6 13:02:00 atmaweapon kernel: [<ffffffffc02a2c44>] spl_kmem_zalloc+0x114/0x1a0 [spl]
Sep  6 13:02:00 atmaweapon kernel: [<ffffffffc02fb330>] dmu_buf_hold_array+0x60/0x90 [zfs]
Sep  6 13:02:00 atmaweapon kernel: [<ffffffffc02fb80a>] dmu_write_req+0x6a/0x1a0 [zfs]
Sep  6 13:02:00 atmaweapon kernel: [<ffffffffc02a6133>] taskq_thread+0x253/0x5a0 [spl]
Sep  6 13:02:00 atmaweapon kernel: [<ffffffffc02a5ee0>] ? taskq_dispatch+0x160/0x160 [spl]
Sep  6 13:02:00 atmaweapon kernel: [<ffffffffa906273e>] kthread+0xce/0xf0
Sep  6 13:02:00 atmaweapon kernel: [<ffffffffa94ea1d2>] ret_from_fork+0x42/0x70

